#
# There is insufficient memory for the Java Runtime Environment to continue.
# Native memory allocation (malloc) failed to allocate 800656 bytes for Chunk::new
# Possible reasons:
#   The system is out of physical RAM or swap space
#   In 32 bit mode, the process size limit was hit
# Possible solutions:
#   Reduce memory load on the system
#   Increase physical memory or swap space
#   Check if swap backing store is full
#   Use 64 bit Java on a 64 bit OS
#   Decrease Java heap size (-Xmx/-Xms)
#   Decrease number of Java threads
#   Decrease Java thread stack sizes (-Xss)
#   Set larger code cache with -XX:ReservedCodeCacheSize=
# This output file may be truncated or incomplete.
#
#  Out of Memory Error (allocation.cpp:388), pid=11788, tid=11856
#
# JRE version: Java(TM) SE Runtime Environment (8.0_05-b13) (build 1.8.0_05-b13)
# Java VM: Java HotSpot(TM) 64-Bit Server VM (25.5-b02 mixed mode windows-amd64 compressed oops)
# Failed to write core dump. Minidumps are not enabled by default on client versions of Windows
#

---------------  T H R E A D  ---------------

Current thread (0x0000000055162000):  JavaThread "C2 CompilerThread0" daemon [_thread_in_native, id=11856, stack(0x0000000056550000,0x0000000056650000)]

Stack: [0x0000000056550000,0x0000000056650000]
[error occurred during error reporting (printing stack bounds), id 0xc0000005]

Native frames: (J=compiled Java code, j=interpreted, Vv=VM code, C=native code)
V  [jvm.dll+0x308dea]


Current CompileTask:
C2: 317116  337       4       java.text.DecimalFormatSymbols::getInstance (37 bytes)


---------------  P R O C E S S  ---------------

Java Threads: ( => current thread )
  0x0000000056819000 JavaThread "Service Thread" daemon [_thread_blocked, id=11868, stack(0x0000000056f20000,0x0000000057020000)]
  0x0000000056815000 JavaThread "C1 CompilerThread2" daemon [_thread_blocked, id=11864, stack(0x0000000056e20000,0x0000000056f20000)]
  0x0000000056814800 JavaThread "C2 CompilerThread1" daemon [_thread_in_native, id=11860, stack(0x0000000056cc0000,0x0000000056dc0000)]
=>0x0000000055162000 JavaThread "C2 CompilerThread0" daemon [_thread_in_native, id=11856, stack(0x0000000056550000,0x0000000056650000)]
  0x0000000055160800 JavaThread "Attach Listener" daemon [_thread_blocked, id=11852, stack(0x00000000566d0000,0x00000000567d0000)]
  0x000000005515e000 JavaThread "Signal Dispatcher" daemon [_thread_blocked, id=11848, stack(0x0000000056020000,0x0000000056120000)]
  0x0000000055102000 JavaThread "Finalizer" daemon [_thread_blocked, id=11844, stack(0x0000000056410000,0x0000000056510000)]
  0x00000000550f8800 JavaThread "Reference Handler" daemon [_thread_blocked, id=11840, stack(0x0000000056260000,0x0000000056360000)]
  0x00000000021fd800 JavaThread "main" [_thread_blocked, id=11816, stack(0x0000000002330000,0x0000000002430000)]

Other Threads:
  0x00000000550f5000 VMThread [stack: 0x0000000056130000,0x0000000056230000] [id=11836]
  0x000000005681e000 WatcherThread [stack: 0x00000000571f0000,0x00000000572f0000] [id=11872]

VM state:at safepoint (normal execution)

VM Mutex/Monitor currently owned by a thread:  ([mutex/lock_event])
[0x00000000021fb920] Threads_lock - owner thread: 0x00000000550f5000
[0x00000000021fbe20] Heap_lock - owner thread: 0x00000000021fd800

Heap:
 PSYoungGen      total 22528K, used 21536K [0x00000000eb600000, 0x00000000ecd00000, 0x0000000100000000)
  eden space 21504K, 100% used [0x00000000eb600000,0x00000000ecb00000,0x00000000ecb00000)
  from space 1024K, 3% used [0x00000000ecc00000,0x00000000ecc08000,0x00000000ecd00000)
  to   space 1024K, 0% used [0x00000000ecb00000,0x00000000ecb00000,0x00000000ecc00000)
 ParOldGen       total 61952K, used 672K [0x00000000c2200000, 0x00000000c5e80000, 0x00000000eb600000)
  object space 61952K, 1% used [0x00000000c2200000,0x00000000c22a8050,0x00000000c5e80000)
 Metaspace       used 3531K, capacity 4508K, committed 4864K, reserved 1056768K
  class space    used 394K, capacity 396K, committed 512K, reserved 1048576K

Card table byte_map: [0x0000000011b50000,0x0000000011d40000] byte_map_base: 0x000000001153f000

Marking Bits: (ParMarkBitMap*) 0x000000005e7013b0
 Begin Bits: [0x0000000012690000, 0x0000000013608000)
 End Bits:   [0x0000000013608000, 0x0000000014580000)

Polling page: 0x0000000001c50000

CodeCache: size=245760Kb used=2030Kb max_used=2041Kb free=243729Kb
 bounds [0x0000000002790000, 0x0000000002a00000, 0x0000000011790000]
 total_blobs=585 nmethods=337 adapters=163
 compilation: enabled

Compilation events (10 events):
Event: 313.524 Thread 0x0000000055162000 nmethod 333 0x00000000029838d0 code [0x0000000002983a20, 0x0000000002983c08]
Event: 313.740 Thread 0x0000000056814800  334       4       java.util.regex.Pattern::compile (406 bytes)
Event: 313.741 Thread 0x0000000055162000  335   !   4       sun.util.locale.provider.JRELocaleProviderAdapter::getDecimalFormatSymbolsProvider (56 bytes)
Event: 313.741 Thread 0x0000000055162000 nmethod 335 0x0000000002982990 code [0x0000000002982ac0, 0x0000000002982b38]
Event: 313.741 Thread 0x0000000055162000  337       4       java.text.DecimalFormatSymbols::getInstance (37 bytes)
Event: 313.763 Thread 0x0000000056814800 nmethod 334 0x000000000298d850 code [0x000000000298dac0, 0x000000000298e688]
Event: 313.763 Thread 0x0000000056814800  338       4       sun.nio.cs.UTF_8$Encoder::encodeArrayLoop (489 bytes)
Event: 313.823 Thread 0x0000000056814800 nmethod 338 0x000000000297ce50 code [0x000000000297cfe0, 0x000000000297d8f0]
Event: 313.823 Thread 0x0000000056814800  336       4       java.util.Currency::getInstance (213 bytes)
Event: 313.833 Thread 0x0000000056814800 nmethod 336 0x000000000298f2d0 code [0x000000000298f440, 0x000000000298f8d8]

GC Heap History (10 events):
Event: 308.444 GC heap before
{Heap before GC invocations=8 (full 0):
 PSYoungGen      total 5120K, used 4128K [0x00000000eb600000, 0x00000000ec000000, 0x0000000100000000)
  eden space 4096K, 100% used [0x00000000eb600000,0x00000000eba00000,0x00000000eba00000)
  from space 1024K, 3% used [0x00000000eba00000,0x00000000eba08000,0x00000000ebb00000)
  to   space 1024K, 0% used [0x00000000ebf00000,0x00000000ebf00000,0x00000000ec000000)
 ParOldGen       total 61952K, used 624K [0x00000000c2200000, 0x00000000c5e80000, 0x00000000eb600000)
  object space 61952K, 1% used [0x00000000c2200000,0x00000000c229c050,0x00000000c5e80000)
 Metaspace       used 3531K, capacity 4508K, committed 4864K, reserved 1056768K
  class space    used 394K, capacity 396K, committed 512K, reserved 1048576K
Event: 309.936 GC heap after
Heap after GC invocations=8 (full 0):
 PSYoungGen      total 9216K, used 64K [0x00000000eb600000, 0x00000000ec000000, 0x0000000100000000)
  eden space 8192K, 0% used [0x00000000eb600000,0x00000000eb600000,0x00000000ebe00000)
  from space 1024K, 6% used [0x00000000ebf00000,0x00000000ebf10000,0x00000000ec000000)
  to   space 1024K, 0% used [0x00000000ebe00000,0x00000000ebe00000,0x00000000ebf00000)
 ParOldGen       total 61952K, used 632K [0x00000000c2200000, 0x00000000c5e80000, 0x00000000eb600000)
  object space 61952K, 1% used [0x00000000c2200000,0x00000000c229e050,0x00000000c5e80000)
 Metaspace       used 3531K, capacity 4508K, committed 4864K, reserved 1056768K
  class space    used 394K, capacity 396K, committed 512K, reserved 1048576K
}
Event: 310.082 GC heap before
{Heap before GC invocations=9 (full 0):
 PSYoungGen      total 9216K, used 8256K [0x00000000eb600000, 0x00000000ec000000, 0x0000000100000000)
  eden space 8192K, 100% used [0x00000000eb600000,0x00000000ebe00000,0x00000000ebe00000)
  from space 1024K, 6% used [0x00000000ebf00000,0x00000000ebf10000,0x00000000ec000000)
  to   space 1024K, 0% used [0x00000000ebe00000,0x00000000ebe00000,0x00000000ebf00000)
 ParOldGen       total 61952K, used 632K [0x00000000c2200000, 0x00000000c5e80000, 0x00000000eb600000)
  object space 61952K, 1% used [0x00000000c2200000,0x00000000c229e050,0x00000000c5e80000)
 Metaspace       used 3531K, capacity 4508K, committed 4864K, reserved 1056768K
  class space    used 394K, capacity 396K, committed 512K, reserved 1048576K
Event: 310.879 GC heap after
Heap after GC invocations=9 (full 0):
 PSYoungGen      total 9216K, used 64K [0x00000000eb600000, 0x00000000ec500000, 0x0000000100000000)
  eden space 8192K, 0% used [0x00000000eb600000,0x00000000eb600000,0x00000000ebe00000)
  from space 1024K, 6% used [0x00000000ebe00000,0x00000000ebe10000,0x00000000ebf00000)
  to   space 1024K, 0% used [0x00000000ec400000,0x00000000ec400000,0x00000000ec500000)
 ParOldGen       total 61952K, used 648K [0x00000000c2200000, 0x00000000c5e80000, 0x00000000eb600000)
  object space 61952K, 1% used [0x00000000c2200000,0x00000000c22a2050,0x00000000c5e80000)
 Metaspace       used 3531K, capacity 4508K, committed 4864K, reserved 1056768K
  class space    used 394K, capacity 396K, committed 512K, reserved 1048576K
}
Event: 311.208 GC heap before
{Heap before GC invocations=10 (full 0):
 PSYoungGen      total 9216K, used 8256K [0x00000000eb600000, 0x00000000ec500000, 0x0000000100000000)
  eden space 8192K, 100% used [0x00000000eb600000,0x00000000ebe00000,0x00000000ebe00000)
  from space 1024K, 6% used [0x00000000ebe00000,0x00000000ebe10000,0x00000000ebf00000)
  to   space 1024K, 0% used [0x00000000ec400000,0x00000000ec400000,0x00000000ec500000)
 ParOldGen       total 61952K, used 648K [0x00000000c2200000, 0x00000000c5e80000, 0x00000000eb600000)
  object space 61952K, 1% used [0x00000000c2200000,0x00000000c22a2050,0x00000000c5e80000)
 Metaspace       used 3531K, capacity 4508K, committed 4864K, reserved 1056768K
  class space    used 394K, capacity 396K, committed 512K, reserved 1048576K
Event: 312.081 GC heap after
Heap after GC invocations=10 (full 0):
 PSYoungGen      total 14336K, used 32K [0x00000000eb600000, 0x00000000ec500000, 0x0000000100000000)
  eden space 13312K, 0% used [0x00000000eb600000,0x00000000eb600000,0x00000000ec300000)
  from space 1024K, 3% used [0x00000000ec400000,0x00000000ec408000,0x00000000ec500000)
  to   space 1024K, 0% used [0x00000000ec300000,0x00000000ec300000,0x00000000ec400000)
 ParOldGen       total 61952K, used 656K [0x00000000c2200000, 0x00000000c5e80000, 0x00000000eb600000)
  object space 61952K, 1% used [0x00000000c2200000,0x00000000c22a4050,0x00000000c5e80000)
 Metaspace       used 3531K, capacity 4508K, committed 4864K, reserved 1056768K
  class space    used 394K, capacity 396K, committed 512K, reserved 1048576K
}
Event: 312.300 GC heap before
{Heap before GC invocations=11 (full 0):
 PSYoungGen      total 14336K, used 13344K [0x00000000eb600000, 0x00000000ec500000, 0x0000000100000000)
  eden space 13312K, 100% used [0x00000000eb600000,0x00000000ec300000,0x00000000ec300000)
  from space 1024K, 3% used [0x00000000ec400000,0x00000000ec408000,0x00000000ec500000)
  to   space 1024K, 0% used [0x00000000ec300000,0x00000000ec300000,0x00000000ec400000)
 ParOldGen       total 61952K, used 656K [0x00000000c2200000, 0x00000000c5e80000, 0x00000000eb600000)
  object space 61952K, 1% used [0x00000000c2200000,0x00000000c22a4050,0x00000000c5e80000)
 Metaspace       used 3531K, capacity 4508K, committed 4864K, reserved 1056768K
  class space    used 394K, capacity 396K, committed 512K, reserved 1048576K
Event: 313.509 GC heap after
Heap after GC invocations=11 (full 0):
 PSYoungGen      total 14336K, used 32K [0x00000000eb600000, 0x00000000ecd00000, 0x0000000100000000)
  eden space 13312K, 0% used [0x00000000eb600000,0x00000000eb600000,0x00000000ec300000)
  from space 1024K, 3% used [0x00000000ec300000,0x00000000ec308000,0x00000000ec400000)
  to   space 1024K, 0% used [0x00000000ecc00000,0x00000000ecc00000,0x00000000ecd00000)
 ParOldGen       total 61952K, used 664K [0x00000000c2200000, 0x00000000c5e80000, 0x00000000eb600000)
  object space 61952K, 1% used [0x00000000c2200000,0x00000000c22a6050,0x00000000c5e80000)
 Metaspace       used 3531K, capacity 4508K, committed 4864K, reserved 1056768K
  class space    used 394K, capacity 396K, committed 512K, reserved 1048576K
}
Event: 313.841 GC heap before
{Heap before GC invocations=12 (full 0):
 PSYoungGen      total 14336K, used 13344K [0x00000000eb600000, 0x00000000ecd00000, 0x0000000100000000)
  eden space 13312K, 100% used [0x00000000eb600000,0x00000000ec300000,0x00000000ec300000)
  from space 1024K, 3% used [0x00000000ec300000,0x00000000ec308000,0x00000000ec400000)
  to   space 1024K, 0% used [0x00000000ecc00000,0x00000000ecc00000,0x00000000ecd00000)
 ParOldGen       total 61952K, used 664K [0x00000000c2200000, 0x00000000c5e80000, 0x00000000eb600000)
  object space 61952K, 1% used [0x00000000c2200000,0x00000000c22a6050,0x00000000c5e80000)
 Metaspace       used 3531K, capacity 4508K, committed 4864K, reserved 1056768K
  class space    used 394K, capacity 396K, committed 512K, reserved 1048576K
Event: 314.640 GC heap after
Heap after GC invocations=12 (full 0):
 PSYoungGen      total 22528K, used 32K [0x00000000eb600000, 0x00000000ecd00000, 0x0000000100000000)
  eden space 21504K, 0% used [0x00000000eb600000,0x00000000eb600000,0x00000000ecb00000)
  from space 1024K, 3% used [0x00000000ecc00000,0x00000000ecc08000,0x00000000ecd00000)
  to   space 1024K, 0% used [0x00000000ecb00000,0x00000000ecb00000,0x00000000ecc00000)
 ParOldGen       total 61952K, used 672K [0x00000000c2200000, 0x00000000c5e80000, 0x00000000eb600000)
  object space 61952K, 1% used [0x00000000c2200000,0x00000000c22a8050,0x00000000c5e80000)
 Metaspace       used 3531K, capacity 4508K, committed 4864K, reserved 1056768K
  class space    used 394K, capacity 396K, committed 512K, reserved 1048576K
}

Deoptimization events (0 events):
No events

Internal exceptions (10 events):
Event: 314.649 Thread 0x00000000021fd800 Exception <a 'java/io/IOException'> (0x00000000eb7cfa68) thrown at [D:\re\workspace\8-2-build-windows-amd64-cygwin\jdk8u5\2488\hotspot\src\share\vm\prims\jni.cpp, line 716]
Event: 314.649 Thread 0x00000000021fd800 Exception <a 'java/io/IOException'> (0x00000000eb7d3b88) thrown at [D:\re\workspace\8-2-build-windows-amd64-cygwin\jdk8u5\2488\hotspot\src\share\vm\prims\jni.cpp, line 716]
Event: 314.649 Thread 0x00000000021fd800 Exception <a 'java/io/IOException'> (0x00000000eb7d7ca8) thrown at [D:\re\workspace\8-2-build-windows-amd64-cygwin\jdk8u5\2488\hotspot\src\share\vm\prims\jni.cpp, line 716]
Event: 314.649 Thread 0x00000000021fd800 Exception <a 'java/io/IOException'> (0x00000000eb7dbdc8) thrown at [D:\re\workspace\8-2-build-windows-amd64-cygwin\jdk8u5\2488\hotspot\src\share\vm\prims\jni.cpp, line 716]
Event: 314.650 Thread 0x00000000021fd800 Exception <a 'java/io/IOException'> (0x00000000eb7dfee8) thrown at [D:\re\workspace\8-2-build-windows-amd64-cygwin\jdk8u5\2488\hotspot\src\share\vm\prims\jni.cpp, line 716]
Event: 314.651 Thread 0x00000000021fd800 Exception <a 'java/io/IOException'> (0x00000000eb7e4008) thrown at [D:\re\workspace\8-2-build-windows-amd64-cygwin\jdk8u5\2488\hotspot\src\share\vm\prims\jni.cpp, line 716]
Event: 314.651 Thread 0x00000000021fd800 Exception <a 'java/io/IOException'> (0x00000000eb7e8128) thrown at [D:\re\workspace\8-2-build-windows-amd64-cygwin\jdk8u5\2488\hotspot\src\share\vm\prims\jni.cpp, line 716]
Event: 314.651 Thread 0x00000000021fd800 Exception <a 'java/io/IOException'> (0x00000000eb7ec248) thrown at [D:\re\workspace\8-2-build-windows-amd64-cygwin\jdk8u5\2488\hotspot\src\share\vm\prims\jni.cpp, line 716]
Event: 314.651 Thread 0x00000000021fd800 Exception <a 'java/io/IOException'> (0x00000000eb7f0368) thrown at [D:\re\workspace\8-2-build-windows-amd64-cygwin\jdk8u5\2488\hotspot\src\share\vm\prims\jni.cpp, line 716]
Event: 314.651 Thread 0x00000000021fd800 Exception <a 'java/io/IOException'> (0x00000000eb7f4488) thrown at [D:\re\workspace\8-2-build-windows-amd64-cygwin\jdk8u5\2488\hotspot\src\share\vm\prims\jni.cpp, line 716]

Events (10 events):
Event: 308.444 Executing VM operation: ParallelGCFailedAllocation
Event: 309.936 Executing VM operation: ParallelGCFailedAllocation done
Event: 310.082 Executing VM operation: ParallelGCFailedAllocation
Event: 310.879 Executing VM operation: ParallelGCFailedAllocation done
Event: 311.208 Executing VM operation: ParallelGCFailedAllocation
Event: 312.081 Executing VM operation: ParallelGCFailedAllocation done
Event: 312.300 Executing VM operation: ParallelGCFailedAllocation
Event: 313.509 Executing VM operation: ParallelGCFailedAllocation done
Event: 313.841 Executing VM operation: ParallelGCFailedAllocation
Event: 314.640 Executing VM operation: ParallelGCFailedAllocation done


Dynamic libraries:
0x000000013f6f0000 - 0x000000013f724000 	E:\Install\eclipse\jre\bin\javaw.exe
0x0000000077a40000 - 0x0000000077be9000 	C:\Windows\SYSTEM32\ntdll.dll
0x0000000077820000 - 0x000000007793f000 	C:\Windows\system32\kernel32.dll
0x000007fefdae0000 - 0x000007fefdb4c000 	C:\Windows\system32\KERNELBASE.dll
0x000007fefe730000 - 0x000007fefe80b000 	C:\Windows\system32\ADVAPI32.dll
0x000007feffcb0000 - 0x000007feffd4f000 	C:\Windows\system32\msvcrt.dll
0x000007fefdcf0000 - 0x000007fefdd0f000 	C:\Windows\SYSTEM32\sechost.dll
0x000007feffb00000 - 0x000007feffc2d000 	C:\Windows\system32\RPCRT4.dll
0x0000000077940000 - 0x0000000077a3a000 	C:\Windows\system32\USER32.dll
0x000007fefed00000 - 0x000007fefed67000 	C:\Windows\system32\GDI32.dll
0x000007fefecf0000 - 0x000007fefecfe000 	C:\Windows\system32\LPK.dll
0x000007fefe2c0000 - 0x000007fefe389000 	C:\Windows\system32\USP10.dll
0x000007fefc260000 - 0x000007fefc45c000 	C:\Windows\WinSxS\amd64_microsoft.windows.common-controls_6595b64144ccf1df_6.0.7601.17514_none_fa396087175ac9ac\COMCTL32.dll
0x000007fefe240000 - 0x000007fefe2b1000 	C:\Windows\system32\SHLWAPI.dll
0x000007fefeab0000 - 0x000007fefeade000 	C:\Windows\system32\IMM32.DLL
0x000007fefe390000 - 0x000007fefe499000 	C:\Windows\system32\MSCTF.dll
0x0000000064080000 - 0x0000000064152000 	E:\Install\eclipse\jre\bin\msvcr100.dll
0x000000005df50000 - 0x000000005e77a000 	E:\Install\eclipse\jre\bin\server\jvm.dll
0x000007feeeea0000 - 0x000007feeeea9000 	C:\Windows\system32\WSOCK32.dll
0x000007fefe4a0000 - 0x000007fefe4ed000 	C:\Windows\system32\WS2_32.dll
0x000007fefe810000 - 0x000007fefe818000 	C:\Windows\system32\NSI.dll
0x000007fef7c80000 - 0x000007fef7cbb000 	C:\Windows\system32\WINMM.dll
0x0000000077c00000 - 0x0000000077c07000 	C:\Windows\system32\PSAPI.DLL
0x00000000654d0000 - 0x00000000654df000 	E:\Install\eclipse\jre\bin\verify.dll
0x00000000654a0000 - 0x00000000654c8000 	E:\Install\eclipse\jre\bin\java.dll
0x0000000065480000 - 0x0000000065496000 	E:\Install\eclipse\jre\bin\zip.dll
0x000007fefed70000 - 0x000007feffaf8000 	C:\Windows\system32\SHELL32.dll
0x000007fefeae0000 - 0x000007fefece3000 	C:\Windows\system32\ole32.dll
0x000007fefd850000 - 0x000007fefd85f000 	C:\Windows\system32\profapi.dll

VM Arguments:
jvm_args: -Dfile.encoding=UTF-8 
java_command: ua.viasat.www.Homework3
java_class_path (initial): C:\Users\Syma\git\study2\bin
Launcher Type: SUN_STANDARD

Environment Variables:
PATH=E:/Install/eclipse/jre/bin/server;E:/Install/eclipse/jre/bin;E:/Install/eclipse/jre/lib/amd64;C:\Windows\system32;C:\Windows;C:\Windows\System32\Wbem;C:\Windows\System32\WindowsPowerShell\v1.0\;C:\Program Files (x86)\ATI Technologies\ATI.ACE\Core-Static;E:\Install\eclipse;
USERNAME=Syma
OS=Windows_NT
PROCESSOR_IDENTIFIER=Intel64 Family 6 Model 37 Stepping 5, GenuineIntel



---------------  S Y S T E M  ---------------

OS: Windows 7 , 64 bit Build 7601 Service Pack 1

CPU:total 4 (2 cores per cpu, 2 threads per core) family 6 model 37 stepping 5, cmov, cx8, fxsr, mmx, sse, sse2, sse3, ssse3, sse4.1, sse4.2, popcnt, ht, tsc, tscinvbit

Memory: 4k page, physical 4051480k(392036k free), swap 16204056k(3548k free)

vm_info: Java HotSpot(TM) 64-Bit Server VM (25.5-b02) for windows-amd64 JRE (1.8.0_05-b13), built on Mar 18 2014 01:08:39 by "java_re" with MS VC++ 10.0 (VS2010)

time: Sun Sep 14 17:12:01 2014
elapsed time: 322 seconds

