#
# There is insufficient memory for the Java Runtime Environment to continue.
# Native memory allocation (malloc) failed to allocate 32744 bytes for ChunkPool::allocate
# Possible reasons:
#   The system is out of physical RAM or swap space
#   In 32 bit mode, the process size limit was hit
# Possible solutions:
#   Reduce memory load on the system
#   Increase physical memory or swap space
#   Check if swap backing store is full
#   Use 64 bit Java on a 64 bit OS
#   Decrease Java heap size (-Xmx/-Xms)
#   Decrease number of Java threads
#   Set larger code cache with -XX:ReservedCodeCacheSize=
# This output file may be truncated or incomplete.
#
#  Out of Memory Error (allocation.cpp:271), pid=11180, tid=9316
#
# JRE version: Java(TM) SE Runtime Environment (8.0_05-b13) (build 1.8.0_05-b13)
# Java VM: Java HotSpot(TM) 64-Bit Server VM (25.5-b02 mixed mode windows-amd64 compressed oops)
# Failed to write core dump. Minidumps are not enabled by default on client versions of Windows
#

---------------  T H R E A D  ---------------

Current thread (0x00000000565c7800):  JavaThread "C1 CompilerThread2" daemon [_thread_in_native, id=9316, stack(0x0000000056be0000,0x0000000056ce0000)]

Stack: [0x0000000056be0000,0x0000000056ce0000]
Native frames: (J=compiled Java code, j=interpreted, Vv=VM code, C=native code)
V  [jvm.dll+0x308dea]
V  [jvm.dll+0x25def1]
V  [jvm.dll+0x25eb0f]
V  [jvm.dll+0x2564e5]
V  [jvm.dll+0xbcd21]
V  [jvm.dll+0xbd45c]
V  [jvm.dll+0x9c402]
V  [jvm.dll+0x9c6c4]
V  [jvm.dll+0x30a03]
V  [jvm.dll+0x30a2e]
V  [jvm.dll+0x3f2362]
V  [jvm.dll+0x3eeb35]
V  [jvm.dll+0x3eeefb]
V  [jvm.dll+0x3efd4d]
V  [jvm.dll+0x3effa8]
V  [jvm.dll+0x3ebd4f]
V  [jvm.dll+0x3ee737]
V  [jvm.dll+0x3ef02d]
V  [jvm.dll+0x3ef422]
V  [jvm.dll+0x3f43a5]
V  [jvm.dll+0x3f44b0]
V  [jvm.dll+0x3de578]
V  [jvm.dll+0x3de7e1]
V  [jvm.dll+0x3de9a2]
V  [jvm.dll+0x3deb68]
V  [jvm.dll+0x3ded6f]
V  [jvm.dll+0x96702]
V  [jvm.dll+0x96ef3]
V  [jvm.dll+0x2232c4]
V  [jvm.dll+0x27baca]
C  [msvcr100.dll+0x21d9f]
C  [msvcr100.dll+0x21e3b]
C  [kernel32.dll+0x159ed]
C  [ntdll.dll+0x2c541]


Current CompileTask:
C1: 341384  128       3       sun.nio.cs.UTF_8$Decoder::decodeArrayLoop (671 bytes)


---------------  P R O C E S S  ---------------

Java Threads: ( => current thread )
  0x00000000565cb800 JavaThread "Service Thread" daemon [_thread_blocked, id=6052, stack(0x0000000056e60000,0x0000000056f60000)]
=>0x00000000565c7800 JavaThread "C1 CompilerThread2" daemon [_thread_in_native, id=9316, stack(0x0000000056be0000,0x0000000056ce0000)]
  0x00000000565c7000 JavaThread "C2 CompilerThread1" daemon [_thread_blocked, id=9072, stack(0x0000000056a50000,0x0000000056b50000)]
  0x0000000054fd4800 JavaThread "C2 CompilerThread0" daemon [_thread_blocked, id=11064, stack(0x0000000055ec0000,0x0000000055fc0000)]
  0x0000000054fd3800 JavaThread "Attach Listener" daemon [_thread_blocked, id=8800, stack(0x0000000056480000,0x0000000056580000)]
  0x0000000054fd1000 JavaThread "Signal Dispatcher" daemon [_thread_blocked, id=11112, stack(0x0000000056160000,0x0000000056260000)]
  0x0000000054f75800 JavaThread "Finalizer" daemon [_thread_blocked, id=10488, stack(0x0000000056280000,0x0000000056380000)]
  0x0000000054f6c000 JavaThread "Reference Handler" daemon [_thread_blocked, id=7668, stack(0x0000000055fe0000,0x00000000560e0000)]
  0x000000000237d800 JavaThread "main" [_thread_blocked, id=9968, stack(0x0000000002600000,0x0000000002700000)]

Other Threads:
  0x0000000054f68800 VMThread [stack: 0x0000000055db0000,0x0000000055eb0000] [id=10960]
  0x00000000565cf800 WatcherThread [stack: 0x0000000057050000,0x0000000057150000] [id=10332]

VM state:at safepoint (normal execution)

VM Mutex/Monitor currently owned by a thread:  ([mutex/lock_event])
[0x000000000237b920] Threads_lock - owner thread: 0x0000000054f68800
[0x000000000237be20] Heap_lock - owner thread: 0x000000000237d800

Heap:
 PSYoungGen      total 1536K, used 1536K [0x00000000eb600000, 0x00000000eb800000, 0x0000000100000000)
  eden space 1024K, 100% used [0x00000000eb600000,0x00000000eb700000,0x00000000eb700000)
  from space 512K, 100% used [0x00000000eb700000,0x00000000eb780000,0x00000000eb780000)
  to   space 512K, 0% used [0x00000000eb780000,0x00000000eb780000,0x00000000eb800000)
 ParOldGen       total 61952K, used 112K [0x00000000c2200000, 0x00000000c5e80000, 0x00000000eb600000)
  object space 61952K, 0% used [0x00000000c2200000,0x00000000c221c030,0x00000000c5e80000)
 Metaspace       used 3404K, capacity 4508K, committed 4864K, reserved 1056768K
  class space    used 394K, capacity 396K, committed 512K, reserved 1048576K

Card table byte_map: [0x0000000011d90000,0x0000000011f80000] byte_map_base: 0x000000001177f000

Marking Bits: (ParMarkBitMap*) 0x000000005e7013b0
 Begin Bits: [0x0000000012500000, 0x0000000013478000)
 End Bits:   [0x0000000013478000, 0x00000000143f0000)

Polling page: 0x0000000000620000

CodeCache: size=245760Kb used=1289Kb max_used=1289Kb free=244470Kb
 bounds [0x00000000029d0000, 0x0000000002c40000, 0x00000000119d0000]
 total_blobs=375 nmethods=127 adapters=163
 compilation: enabled

Compilation events (10 events):
Event: 330.681 Thread 0x00000000565c7800 nmethod 123 0x0000000002b10c50 code [0x0000000002b10da0, 0x0000000002b10eb0]
Event: 330.682 Thread 0x00000000565c7800  124       3       sun.nio.cs.SingleByte$Decoder::decode (63 bytes)
Event: 330.682 Thread 0x00000000565c7800 nmethod 124 0x0000000002b10f10 code [0x0000000002b110a0, 0x0000000002b11490]
Event: 330.682 Thread 0x00000000565c7800  125       3       java.lang.StringBuilder::<init> (18 bytes)
Event: 330.683 Thread 0x00000000565c7800 nmethod 125 0x0000000002b11750 code [0x0000000002b118e0, 0x0000000002b11d68]
Event: 330.683 Thread 0x00000000565c7800  126       3       java.nio.Buffer::hasRemaining (17 bytes)
Event: 330.683 Thread 0x00000000565c7800 nmethod 126 0x0000000002b11f50 code [0x0000000002b120a0, 0x0000000002b12250]
Event: 330.684 Thread 0x00000000565c7800  127       3       java.nio.Buffer::flip (20 bytes)
Event: 330.684 Thread 0x00000000565c7800 nmethod 127 0x0000000002b122d0 code [0x0000000002b12420, 0x0000000002b12590]
Event: 330.684 Thread 0x00000000565c7800  128       3       sun.nio.cs.UTF_8$Decoder::decodeArrayLoop (671 bytes)

GC Heap History (6 events):
Event: 0.251 GC heap before
{Heap before GC invocations=1 (full 0):
 PSYoungGen      total 1024K, used 512K [0x00000000eb600000, 0x00000000eb780000, 0x0000000100000000)
  eden space 512K, 100% used [0x00000000eb600000,0x00000000eb680000,0x00000000eb680000)
  from space 512K, 0% used [0x00000000eb700000,0x00000000eb700000,0x00000000eb780000)
  to   space 512K, 0% used [0x00000000eb680000,0x00000000eb680000,0x00000000eb700000)
 ParOldGen       total 61952K, used 0K [0x00000000c2200000, 0x00000000c5e80000, 0x00000000eb600000)
  object space 61952K, 0% used [0x00000000c2200000,0x00000000c2200000,0x00000000c5e80000)
 Metaspace       used 2757K, capacity 4490K, committed 4864K, reserved 1056768K
  class space    used 319K, capacity 386K, committed 512K, reserved 1048576K
Event: 0.271 GC heap after
Heap after GC invocations=1 (full 0):
 PSYoungGen      total 1024K, used 480K [0x00000000eb600000, 0x00000000eb800000, 0x0000000100000000)
  eden space 512K, 0% used [0x00000000eb600000,0x00000000eb600000,0x00000000eb680000)
  from space 512K, 93% used [0x00000000eb680000,0x00000000eb6f8020,0x00000000eb700000)
  to   space 512K, 0% used [0x00000000eb780000,0x00000000eb780000,0x00000000eb800000)
 ParOldGen       total 61952K, used 8K [0x00000000c2200000, 0x00000000c5e80000, 0x00000000eb600000)
  object space 61952K, 0% used [0x00000000c2200000,0x00000000c2202000,0x00000000c5e80000)
 Metaspace       used 2757K, capacity 4490K, committed 4864K, reserved 1056768K
  class space    used 319K, capacity 386K, committed 512K, reserved 1048576K
}
Event: 321.357 GC heap before
{Heap before GC invocations=2 (full 0):
 PSYoungGen      total 1024K, used 987K [0x00000000eb600000, 0x00000000eb800000, 0x0000000100000000)
  eden space 512K, 99% used [0x00000000eb600000,0x00000000eb67eec8,0x00000000eb680000)
  from space 512K, 93% used [0x00000000eb680000,0x00000000eb6f8020,0x00000000eb700000)
  to   space 512K, 0% used [0x00000000eb780000,0x00000000eb780000,0x00000000eb800000)
 ParOldGen       total 61952K, used 8K [0x00000000c2200000, 0x00000000c5e80000, 0x00000000eb600000)
  object space 61952K, 0% used [0x00000000c2200000,0x00000000c2202000,0x00000000c5e80000)
 Metaspace       used 3376K, capacity 4508K, committed 4864K, reserved 1056768K
  class space    used 394K, capacity 396K, committed 512K, reserved 1048576K
Event: 330.136 GC heap after
Heap after GC invocations=2 (full 0):
 PSYoungGen      total 1536K, used 496K [0x00000000eb600000, 0x00000000eb800000, 0x0000000100000000)
  eden space 1024K, 0% used [0x00000000eb600000,0x00000000eb600000,0x00000000eb700000)
  from space 512K, 96% used [0x00000000eb780000,0x00000000eb7fc010,0x00000000eb800000)
  to   space 512K, 0% used [0x00000000eb700000,0x00000000eb700000,0x00000000eb780000)
 ParOldGen       total 61952K, used 112K [0x00000000c2200000, 0x00000000c5e80000, 0x00000000eb600000)
  object space 61952K, 0% used [0x00000000c2200000,0x00000000c221c030,0x00000000c5e80000)
 Metaspace       used 3376K, capacity 4508K, committed 4864K, reserved 1056768K
  class space    used 394K, capacity 396K, committed 512K, reserved 1048576K
}
Event: 330.209 GC heap before
{Heap before GC invocations=3 (full 0):
 PSYoungGen      total 1536K, used 1520K [0x00000000eb600000, 0x00000000eb800000, 0x0000000100000000)
  eden space 1024K, 100% used [0x00000000eb600000,0x00000000eb700000,0x00000000eb700000)
  from space 512K, 96% used [0x00000000eb780000,0x00000000eb7fc010,0x00000000eb800000)
  to   space 512K, 0% used [0x00000000eb700000,0x00000000eb700000,0x00000000eb780000)
 ParOldGen       total 61952K, used 112K [0x00000000c2200000, 0x00000000c5e80000, 0x00000000eb600000)
  object space 61952K, 0% used [0x00000000c2200000,0x00000000c221c030,0x00000000c5e80000)
 Metaspace       used 3381K, capacity 4508K, committed 4864K, reserved 1056768K
  class space    used 394K, capacity 396K, committed 512K, reserved 1048576K
Event: 330.635 GC heap after
Heap after GC invocations=3 (full 0):
 PSYoungGen      total 1536K, used 512K [0x00000000eb600000, 0x00000000eb800000, 0x0000000100000000)
  eden space 1024K, 0% used [0x00000000eb600000,0x00000000eb600000,0x00000000eb700000)
  from space 512K, 100% used [0x00000000eb700000,0x00000000eb780000,0x00000000eb780000)
  to   space 512K, 0% used [0x00000000eb780000,0x00000000eb780000,0x00000000eb800000)
 ParOldGen       total 61952K, used 112K [0x00000000c2200000, 0x00000000c5e80000, 0x00000000eb600000)
  object space 61952K, 0% used [0x00000000c2200000,0x00000000c221c030,0x00000000c5e80000)
 Metaspace       used 3381K, capacity 4508K, committed 4864K, reserved 1056768K
  class space    used 394K, capacity 396K, committed 512K, reserved 1048576K
}

Deoptimization events (0 events):
No events

Internal exceptions (10 events):
Event: 330.675 Thread 0x000000000237d800 Exception <a 'java/io/IOException'> (0x00000000eb6ae0b0) thrown at [D:\re\workspace\8-2-build-windows-amd64-cygwin\jdk8u5\2488\hotspot\src\share\vm\prims\jni.cpp, line 716]
Event: 330.675 Thread 0x000000000237d800 Exception <a 'java/io/IOException'> (0x00000000eb6b2200) thrown at [D:\re\workspace\8-2-build-windows-amd64-cygwin\jdk8u5\2488\hotspot\src\share\vm\prims\jni.cpp, line 716]
Event: 330.676 Thread 0x000000000237d800 Exception <a 'java/io/IOException'> (0x00000000eb6b6330) thrown at [D:\re\workspace\8-2-build-windows-amd64-cygwin\jdk8u5\2488\hotspot\src\share\vm\prims\jni.cpp, line 716]
Event: 330.676 Thread 0x000000000237d800 Exception <a 'java/io/IOException'> (0x00000000eb6ba4b0) thrown at [D:\re\workspace\8-2-build-windows-amd64-cygwin\jdk8u5\2488\hotspot\src\share\vm\prims\jni.cpp, line 716]
Event: 330.678 Thread 0x000000000237d800 Exception <a 'java/io/IOException'> (0x00000000eb6be5d0) thrown at [D:\re\workspace\8-2-build-windows-amd64-cygwin\jdk8u5\2488\hotspot\src\share\vm\prims\jni.cpp, line 716]
Event: 330.678 Thread 0x000000000237d800 Exception <a 'java/io/IOException'> (0x00000000eb6c2788) thrown at [D:\re\workspace\8-2-build-windows-amd64-cygwin\jdk8u5\2488\hotspot\src\share\vm\prims\jni.cpp, line 716]
Event: 330.679 Thread 0x000000000237d800 Exception <a 'java/io/IOException'> (0x00000000eb6c68d8) thrown at [D:\re\workspace\8-2-build-windows-amd64-cygwin\jdk8u5\2488\hotspot\src\share\vm\prims\jni.cpp, line 716]
Event: 330.681 Thread 0x000000000237d800 Exception <a 'java/io/IOException'> (0x00000000eb6caa08) thrown at [D:\re\workspace\8-2-build-windows-amd64-cygwin\jdk8u5\2488\hotspot\src\share\vm\prims\jni.cpp, line 716]
Event: 330.682 Thread 0x000000000237d800 Exception <a 'java/io/IOException'> (0x00000000eb6ceb88) thrown at [D:\re\workspace\8-2-build-windows-amd64-cygwin\jdk8u5\2488\hotspot\src\share\vm\prims\jni.cpp, line 716]
Event: 330.684 Thread 0x000000000237d800 Exception <a 'java/io/IOException'> (0x00000000eb6d2ca8) thrown at [D:\re\workspace\8-2-build-windows-amd64-cygwin\jdk8u5\2488\hotspot\src\share\vm\prims\jni.cpp, line 716]

Events (10 events):
Event: 0.362 loading class java/util/regex/Pattern$Single
Event: 0.362 loading class java/util/regex/Pattern$Single done
Event: 4.348 Executing VM operation: EnableBiasedLocking
Event: 4.348 Executing VM operation: EnableBiasedLocking done
Event: 321.355 loading class java/io/InterruptedIOException
Event: 321.355 loading class java/io/InterruptedIOException done
Event: 321.357 Executing VM operation: ParallelGCFailedAllocation
Event: 330.136 Executing VM operation: ParallelGCFailedAllocation done
Event: 330.208 Executing VM operation: ParallelGCFailedAllocation
Event: 330.635 Executing VM operation: ParallelGCFailedAllocation done


Dynamic libraries:
0x000000013f6f0000 - 0x000000013f724000 	E:\Install\eclipse\jre\bin\javaw.exe
0x0000000077a40000 - 0x0000000077be9000 	C:\Windows\SYSTEM32\ntdll.dll
0x0000000077820000 - 0x000000007793f000 	C:\Windows\system32\kernel32.dll
0x000007fefdae0000 - 0x000007fefdb4c000 	C:\Windows\system32\KERNELBASE.dll
0x000007fefe730000 - 0x000007fefe80b000 	C:\Windows\system32\ADVAPI32.dll
0x000007feffcb0000 - 0x000007feffd4f000 	C:\Windows\system32\msvcrt.dll
0x000007fefdcf0000 - 0x000007fefdd0f000 	C:\Windows\SYSTEM32\sechost.dll
0x000007feffb00000 - 0x000007feffc2d000 	C:\Windows\system32\RPCRT4.dll
0x0000000077940000 - 0x0000000077a3a000 	C:\Windows\system32\USER32.dll
0x000007fefed00000 - 0x000007fefed67000 	C:\Windows\system32\GDI32.dll
0x000007fefecf0000 - 0x000007fefecfe000 	C:\Windows\system32\LPK.dll
0x000007fefe2c0000 - 0x000007fefe389000 	C:\Windows\system32\USP10.dll
0x000007fefc260000 - 0x000007fefc45c000 	C:\Windows\WinSxS\amd64_microsoft.windows.common-controls_6595b64144ccf1df_6.0.7601.17514_none_fa396087175ac9ac\COMCTL32.dll
0x000007fefe240000 - 0x000007fefe2b1000 	C:\Windows\system32\SHLWAPI.dll
0x000007fefeab0000 - 0x000007fefeade000 	C:\Windows\system32\IMM32.DLL
0x000007fefe390000 - 0x000007fefe499000 	C:\Windows\system32\MSCTF.dll
0x0000000064080000 - 0x0000000064152000 	E:\Install\eclipse\jre\bin\msvcr100.dll
0x000000005df50000 - 0x000000005e77a000 	E:\Install\eclipse\jre\bin\server\jvm.dll
0x000007feeeea0000 - 0x000007feeeea9000 	C:\Windows\system32\WSOCK32.dll
0x000007fefe4a0000 - 0x000007fefe4ed000 	C:\Windows\system32\WS2_32.dll
0x000007fefe810000 - 0x000007fefe818000 	C:\Windows\system32\NSI.dll
0x000007fef7c80000 - 0x000007fef7cbb000 	C:\Windows\system32\WINMM.dll
0x0000000077c00000 - 0x0000000077c07000 	C:\Windows\system32\PSAPI.DLL
0x00000000654d0000 - 0x00000000654df000 	E:\Install\eclipse\jre\bin\verify.dll
0x00000000654a0000 - 0x00000000654c8000 	E:\Install\eclipse\jre\bin\java.dll
0x0000000065480000 - 0x0000000065496000 	E:\Install\eclipse\jre\bin\zip.dll
0x000007fefed70000 - 0x000007feffaf8000 	C:\Windows\system32\SHELL32.dll
0x000007fefeae0000 - 0x000007fefece3000 	C:\Windows\system32\ole32.dll
0x000007fefd850000 - 0x000007fefd85f000 	C:\Windows\system32\profapi.dll
0x000007feec690000 - 0x000007feec7b5000 	C:\Windows\system32\dbghelp.dll

VM Arguments:
jvm_args: -Dfile.encoding=UTF-8 
java_command: ua.viasat.www.Homework3
java_class_path (initial): C:\Users\Syma\git\study2\bin
Launcher Type: SUN_STANDARD

Environment Variables:
PATH=E:/Install/eclipse/jre/bin/server;E:/Install/eclipse/jre/bin;E:/Install/eclipse/jre/lib/amd64;C:\Windows\system32;C:\Windows;C:\Windows\System32\Wbem;C:\Windows\System32\WindowsPowerShell\v1.0\;C:\Program Files (x86)\ATI Technologies\ATI.ACE\Core-Static;E:\Install\eclipse;
USERNAME=Syma
OS=Windows_NT
PROCESSOR_IDENTIFIER=Intel64 Family 6 Model 37 Stepping 5, GenuineIntel



---------------  S Y S T E M  ---------------

OS: Windows 7 , 64 bit Build 7601 Service Pack 1

CPU:total 4 (2 cores per cpu, 2 threads per core) family 6 model 37 stepping 5, cmov, cx8, fxsr, mmx, sse, sse2, sse3, ssse3, sse4.1, sse4.2, popcnt, ht, tsc, tscinvbit

Memory: 4k page, physical 4051480k(504388k free), swap 16204056k(985036k free)

vm_info: Java HotSpot(TM) 64-Bit Server VM (25.5-b02) for windows-amd64 JRE (1.8.0_05-b13), built on Mar 18 2014 01:08:39 by "java_re" with MS VC++ 10.0 (VS2010)

time: Sun Sep 14 17:12:07 2014
elapsed time: 342 seconds

