#
# There is insufficient memory for the Java Runtime Environment to continue.
# Native memory allocation (malloc) failed to allocate 32744 bytes for ChunkPool::allocate
# Possible reasons:
#   The system is out of physical RAM or swap space
#   In 32 bit mode, the process size limit was hit
# Possible solutions:
#   Reduce memory load on the system
#   Increase physical memory or swap space
#   Check if swap backing store is full
#   Use 64 bit Java on a 64 bit OS
#   Decrease Java heap size (-Xmx/-Xms)
#   Decrease number of Java threads
#   Decrease Java thread stack sizes (-Xss)
#   Set larger code cache with -XX:ReservedCodeCacheSize=
# This output file may be truncated or incomplete.
#
#  Out of Memory Error (allocation.cpp:271), pid=11596, tid=11672
#
# JRE version: Java(TM) SE Runtime Environment (8.0_05-b13) (build 1.8.0_05-b13)
# Java VM: Java HotSpot(TM) 64-Bit Server VM (25.5-b02 mixed mode windows-amd64 compressed oops)
# Failed to write core dump. Minidumps are not enabled by default on client versions of Windows
#

---------------  T H R E A D  ---------------

Current thread (0x0000000054efc800):  JavaThread "C2 CompilerThread1" daemon [_thread_in_native, id=11672, stack(0x00000000569d0000,0x0000000056ad0000)]

Stack: [0x00000000569d0000,0x0000000056ad0000]
Native frames: (J=compiled Java code, j=interpreted, Vv=VM code, C=native code)
V  [jvm.dll+0x308dea]


Current CompileTask:
C2: 326457  335       4       java.text.DecimalFormatSymbols::getInstance (37 bytes)


---------------  P R O C E S S  ---------------

Java Threads: ( => current thread )
  0x0000000056b3a000 JavaThread "Service Thread" daemon [_thread_blocked, id=11680, stack(0x0000000057160000,0x0000000057260000)]
  0x0000000056ae0800 JavaThread "C1 CompilerThread2" daemon [_thread_blocked, id=11676, stack(0x0000000056f90000,0x0000000057090000)]
=>0x0000000054efc800 JavaThread "C2 CompilerThread1" daemon [_thread_in_native, id=11672, stack(0x00000000569d0000,0x0000000056ad0000)]
  0x0000000054ef2000 JavaThread "C2 CompilerThread0" daemon [_thread_in_vm, id=11668, stack(0x0000000056880000,0x0000000056980000)]
  0x0000000054ef0800 JavaThread "Attach Listener" daemon [_thread_blocked, id=11664, stack(0x0000000055f60000,0x0000000056060000)]
  0x0000000054eed800 JavaThread "Signal Dispatcher" daemon [_thread_blocked, id=11660, stack(0x0000000056620000,0x0000000056720000)]
  0x0000000054e92000 JavaThread "Finalizer" daemon [_thread_blocked, id=11656, stack(0x0000000056420000,0x0000000056520000)]
  0x0000000054e88800 JavaThread "Reference Handler" daemon [_thread_blocked, id=11652, stack(0x0000000056230000,0x0000000056330000)]
  0x000000000231d800 JavaThread "main" [_thread_blocked, id=11624, stack(0x0000000002530000,0x0000000002630000)]

Other Threads:
  0x0000000054e85000 VMThread [stack: 0x00000000560c0000,0x00000000561c0000] [id=11648]
  0x0000000056b3e000 WatcherThread [stack: 0x0000000057300000,0x0000000057400000] [id=11684]

VM state:synchronizing (normal execution)

VM Mutex/Monitor currently owned by a thread:  ([mutex/lock_event])
[0x000000000231b920] Threads_lock - owner thread: 0x0000000054e85000
[0x000000000231be20] Heap_lock - owner thread: 0x000000000231d800

Heap:
 PSYoungGen      total 14336K, used 13344K [0x00000000eb600000, 0x00000000ec500000, 0x0000000100000000)
  eden space 13312K, 100% used [0x00000000eb600000,0x00000000ec300000,0x00000000ec300000)
  from space 1024K, 3% used [0x00000000ec400000,0x00000000ec408000,0x00000000ec500000)
  to   space 1024K, 0% used [0x00000000ec300000,0x00000000ec300000,0x00000000ec400000)
 ParOldGen       total 61952K, used 676K [0x00000000c2200000, 0x00000000c5e80000, 0x00000000eb600000)
  object space 61952K, 1% used [0x00000000c2200000,0x00000000c22a9060,0x00000000c5e80000)
 Metaspace       used 3532K, capacity 4508K, committed 4864K, reserved 1056768K
  class space    used 394K, capacity 396K, committed 512K, reserved 1048576K

Card table byte_map: [0x0000000011cc0000,0x0000000011eb0000] byte_map_base: 0x00000000116af000

Marking Bits: (ParMarkBitMap*) 0x000000005e7013b0
 Begin Bits: [0x0000000012420000, 0x0000000013398000)
 End Bits:   [0x0000000013398000, 0x0000000014310000)

Polling page: 0x0000000000220000

CodeCache: size=245760Kb used=2033Kb max_used=2045Kb free=243726Kb
 bounds [0x0000000002900000, 0x0000000002b70000, 0x0000000011900000]
 total_blobs=582 nmethods=334 adapters=163
 compilation: enabled

Compilation events (10 events):
Event: 318.543 Thread 0x0000000054efc800 nmethod 331 0x0000000002af05d0 code [0x0000000002af0740, 0x0000000002af0ba8]
Event: 318.543 Thread 0x0000000054efc800  332       4       java.util.regex.Pattern::sequence (553 bytes)
Event: 318.548 Thread 0x0000000054ef2000 nmethod 330 0x0000000002af1750 code [0x0000000002af18e0, 0x0000000002af21f0]
Event: 318.548 Thread 0x0000000054ef2000  333       4       java.util.regex.Pattern::closure (477 bytes)
Event: 318.555 Thread 0x0000000054ef2000 nmethod 333 0x0000000002affb50 code [0x0000000002affd80, 0x0000000002b00408]
Event: 318.558 Thread 0x0000000054efc800 nmethod 332 0x0000000002b00b90 code [0x0000000002b00e00, 0x0000000002b014f0]
Event: 318.878 Thread 0x0000000054ef2000  334   !   4       sun.util.locale.provider.JRELocaleProviderAdapter::getDecimalFormatSymbolsProvider (56 bytes)
Event: 318.878 Thread 0x0000000054efc800  335       4       java.text.DecimalFormatSymbols::getInstance (37 bytes)
Event: 318.879 Thread 0x0000000054ef2000 nmethod 334 0x0000000002ae8a10 code [0x0000000002ae8b40, 0x0000000002ae8bb8]
Event: 318.879 Thread 0x0000000054ef2000  336       4       sun.util.locale.provider.DecimalFormatSymbolsProviderImpl::getInstance (21 bytes)

GC Heap History (10 events):
Event: 312.550 GC heap before
{Heap before GC invocations=8 (full 0):
 PSYoungGen      total 5120K, used 4128K [0x00000000eb600000, 0x00000000ec000000, 0x0000000100000000)
  eden space 4096K, 100% used [0x00000000eb600000,0x00000000eba00000,0x00000000eba00000)
  from space 1024K, 3% used [0x00000000eba00000,0x00000000eba08000,0x00000000ebb00000)
  to   space 1024K, 0% used [0x00000000ebf00000,0x00000000ebf00000,0x00000000ec000000)
 ParOldGen       total 61952K, used 620K [0x00000000c2200000, 0x00000000c5e80000, 0x00000000eb600000)
  object space 61952K, 1% used [0x00000000c2200000,0x00000000c229b060,0x00000000c5e80000)
 Metaspace       used 3532K, capacity 4508K, committed 4864K, reserved 1056768K
  class space    used 394K, capacity 396K, committed 512K, reserved 1048576K
Event: 313.462 GC heap after
Heap after GC invocations=8 (full 0):
 PSYoungGen      total 9216K, used 32K [0x00000000eb600000, 0x00000000ec000000, 0x0000000100000000)
  eden space 8192K, 0% used [0x00000000eb600000,0x00000000eb600000,0x00000000ebe00000)
  from space 1024K, 3% used [0x00000000ebf00000,0x00000000ebf08000,0x00000000ec000000)
  to   space 1024K, 0% used [0x00000000ebe00000,0x00000000ebe00000,0x00000000ebf00000)
 ParOldGen       total 61952K, used 628K [0x00000000c2200000, 0x00000000c5e80000, 0x00000000eb600000)
  object space 61952K, 1% used [0x00000000c2200000,0x00000000c229d060,0x00000000c5e80000)
 Metaspace       used 3532K, capacity 4508K, committed 4864K, reserved 1056768K
  class space    used 394K, capacity 396K, committed 512K, reserved 1048576K
}
Event: 313.545 GC heap before
{Heap before GC invocations=9 (full 0):
 PSYoungGen      total 9216K, used 8224K [0x00000000eb600000, 0x00000000ec000000, 0x0000000100000000)
  eden space 8192K, 100% used [0x00000000eb600000,0x00000000ebe00000,0x00000000ebe00000)
  from space 1024K, 3% used [0x00000000ebf00000,0x00000000ebf08000,0x00000000ec000000)
  to   space 1024K, 0% used [0x00000000ebe00000,0x00000000ebe00000,0x00000000ebf00000)
 ParOldGen       total 61952K, used 628K [0x00000000c2200000, 0x00000000c5e80000, 0x00000000eb600000)
  object space 61952K, 1% used [0x00000000c2200000,0x00000000c229d060,0x00000000c5e80000)
 Metaspace       used 3532K, capacity 4508K, committed 4864K, reserved 1056768K
  class space    used 394K, capacity 396K, committed 512K, reserved 1048576K
Event: 314.891 GC heap after
Heap after GC invocations=9 (full 0):
 PSYoungGen      total 9216K, used 96K [0x00000000eb600000, 0x00000000ec500000, 0x0000000100000000)
  eden space 8192K, 0% used [0x00000000eb600000,0x00000000eb600000,0x00000000ebe00000)
  from space 1024K, 9% used [0x00000000ebe00000,0x00000000ebe18000,0x00000000ebf00000)
  to   space 1024K, 0% used [0x00000000ec400000,0x00000000ec400000,0x00000000ec500000)
 ParOldGen       total 61952K, used 652K [0x00000000c2200000, 0x00000000c5e80000, 0x00000000eb600000)
  object space 61952K, 1% used [0x00000000c2200000,0x00000000c22a3060,0x00000000c5e80000)
 Metaspace       used 3532K, capacity 4508K, committed 4864K, reserved 1056768K
  class space    used 394K, capacity 396K, committed 512K, reserved 1048576K
}
Event: 315.455 GC heap before
{Heap before GC invocations=10 (full 0):
 PSYoungGen      total 9216K, used 8288K [0x00000000eb600000, 0x00000000ec500000, 0x0000000100000000)
  eden space 8192K, 100% used [0x00000000eb600000,0x00000000ebe00000,0x00000000ebe00000)
  from space 1024K, 9% used [0x00000000ebe00000,0x00000000ebe18000,0x00000000ebf00000)
  to   space 1024K, 0% used [0x00000000ec400000,0x00000000ec400000,0x00000000ec500000)
 ParOldGen       total 61952K, used 652K [0x00000000c2200000, 0x00000000c5e80000, 0x00000000eb600000)
  object space 61952K, 1% used [0x00000000c2200000,0x00000000c22a3060,0x00000000c5e80000)
 Metaspace       used 3532K, capacity 4508K, committed 4864K, reserved 1056768K
  class space    used 394K, capacity 396K, committed 512K, reserved 1048576K
Event: 316.835 GC heap after
Heap after GC invocations=10 (full 0):
 PSYoungGen      total 14336K, used 32K [0x00000000eb600000, 0x00000000ec500000, 0x0000000100000000)
  eden space 13312K, 0% used [0x00000000eb600000,0x00000000eb600000,0x00000000ec300000)
  from space 1024K, 3% used [0x00000000ec400000,0x00000000ec408000,0x00000000ec500000)
  to   space 1024K, 0% used [0x00000000ec300000,0x00000000ec300000,0x00000000ec400000)
 ParOldGen       total 61952K, used 660K [0x00000000c2200000, 0x00000000c5e80000, 0x00000000eb600000)
  object space 61952K, 1% used [0x00000000c2200000,0x00000000c22a5060,0x00000000c5e80000)
 Metaspace       used 3532K, capacity 4508K, committed 4864K, reserved 1056768K
  class space    used 394K, capacity 396K, committed 512K, reserved 1048576K
}
Event: 317.873 GC heap before
{Heap before GC invocations=11 (full 0):
 PSYoungGen      total 14336K, used 13344K [0x00000000eb600000, 0x00000000ec500000, 0x0000000100000000)
  eden space 13312K, 100% used [0x00000000eb600000,0x00000000ec300000,0x00000000ec300000)
  from space 1024K, 3% used [0x00000000ec400000,0x00000000ec408000,0x00000000ec500000)
  to   space 1024K, 0% used [0x00000000ec300000,0x00000000ec300000,0x00000000ec400000)
 ParOldGen       total 61952K, used 660K [0x00000000c2200000, 0x00000000c5e80000, 0x00000000eb600000)
  object space 61952K, 1% used [0x00000000c2200000,0x00000000c22a5060,0x00000000c5e80000)
 Metaspace       used 3532K, capacity 4508K, committed 4864K, reserved 1056768K
  class space    used 394K, capacity 396K, committed 512K, reserved 1048576K
Event: 318.225 GC heap after
Heap after GC invocations=11 (full 0):
 PSYoungGen      total 14336K, used 32K [0x00000000eb600000, 0x00000000ec500000, 0x0000000100000000)
  eden space 13312K, 0% used [0x00000000eb600000,0x00000000eb600000,0x00000000ec300000)
  from space 1024K, 3% used [0x00000000ec300000,0x00000000ec308000,0x00000000ec400000)
  to   space 1024K, 0% used [0x00000000ec400000,0x00000000ec400000,0x00000000ec500000)
 ParOldGen       total 61952K, used 668K [0x00000000c2200000, 0x00000000c5e80000, 0x00000000eb600000)
  object space 61952K, 1% used [0x00000000c2200000,0x00000000c22a7060,0x00000000c5e80000)
 Metaspace       used 3532K, capacity 4508K, committed 4864K, reserved 1056768K
  class space    used 394K, capacity 396K, committed 512K, reserved 1048576K
}
Event: 318.597 GC heap before
{Heap before GC invocations=12 (full 0):
 PSYoungGen      total 14336K, used 13344K [0x00000000eb600000, 0x00000000ec500000, 0x0000000100000000)
  eden space 13312K, 100% used [0x00000000eb600000,0x00000000ec300000,0x00000000ec300000)
  from space 1024K, 3% used [0x00000000ec300000,0x00000000ec308000,0x00000000ec400000)
  to   space 1024K, 0% used [0x00000000ec400000,0x00000000ec400000,0x00000000ec500000)
 ParOldGen       total 61952K, used 668K [0x00000000c2200000, 0x00000000c5e80000, 0x00000000eb600000)
  object space 61952K, 1% used [0x00000000c2200000,0x00000000c22a7060,0x00000000c5e80000)
 Metaspace       used 3532K, capacity 4508K, committed 4864K, reserved 1056768K
  class space    used 394K, capacity 396K, committed 512K, reserved 1048576K
Event: 318.805 GC heap after
Heap after GC invocations=12 (full 0):
 PSYoungGen      total 14336K, used 32K [0x00000000eb600000, 0x00000000ec500000, 0x0000000100000000)
  eden space 13312K, 0% used [0x00000000eb600000,0x00000000eb600000,0x00000000ec300000)
  from space 1024K, 3% used [0x00000000ec400000,0x00000000ec408000,0x00000000ec500000)
  to   space 1024K, 0% used [0x00000000ec300000,0x00000000ec300000,0x00000000ec400000)
 ParOldGen       total 61952K, used 676K [0x00000000c2200000, 0x00000000c5e80000, 0x00000000eb600000)
  object space 61952K, 1% used [0x00000000c2200000,0x00000000c22a9060,0x00000000c5e80000)
 Metaspace       used 3532K, capacity 4508K, committed 4864K, reserved 1056768K
  class space    used 394K, capacity 396K, committed 512K, reserved 1048576K
}

Deoptimization events (0 events):
No events

Internal exceptions (10 events):
Event: 318.881 Thread 0x000000000231d800 Exception <a 'java/io/IOException'> (0x00000000ebbd68c8) thrown at [D:\re\workspace\8-2-build-windows-amd64-cygwin\jdk8u5\2488\hotspot\src\share\vm\prims\jni.cpp, line 716]
Event: 318.881 Thread 0x000000000231d800 Exception <a 'java/io/IOException'> (0x00000000ebbda9e8) thrown at [D:\re\workspace\8-2-build-windows-amd64-cygwin\jdk8u5\2488\hotspot\src\share\vm\prims\jni.cpp, line 716]
Event: 318.881 Thread 0x000000000231d800 Exception <a 'java/io/IOException'> (0x00000000ebbdeb08) thrown at [D:\re\workspace\8-2-build-windows-amd64-cygwin\jdk8u5\2488\hotspot\src\share\vm\prims\jni.cpp, line 716]
Event: 318.881 Thread 0x000000000231d800 Exception <a 'java/io/IOException'> (0x00000000ebbe2c28) thrown at [D:\re\workspace\8-2-build-windows-amd64-cygwin\jdk8u5\2488\hotspot\src\share\vm\prims\jni.cpp, line 716]
Event: 318.881 Thread 0x000000000231d800 Exception <a 'java/io/IOException'> (0x00000000ebbe7e10) thrown at [D:\re\workspace\8-2-build-windows-amd64-cygwin\jdk8u5\2488\hotspot\src\share\vm\prims\jni.cpp, line 716]
Event: 318.881 Thread 0x000000000231d800 Exception <a 'java/io/IOException'> (0x00000000ebbebf30) thrown at [D:\re\workspace\8-2-build-windows-amd64-cygwin\jdk8u5\2488\hotspot\src\share\vm\prims\jni.cpp, line 716]
Event: 318.882 Thread 0x000000000231d800 Exception <a 'java/io/IOException'> (0x00000000ebbf0050) thrown at [D:\re\workspace\8-2-build-windows-amd64-cygwin\jdk8u5\2488\hotspot\src\share\vm\prims\jni.cpp, line 716]
Event: 318.882 Thread 0x000000000231d800 Exception <a 'java/io/IOException'> (0x00000000ebbf4170) thrown at [D:\re\workspace\8-2-build-windows-amd64-cygwin\jdk8u5\2488\hotspot\src\share\vm\prims\jni.cpp, line 716]
Event: 318.882 Thread 0x000000000231d800 Exception <a 'java/io/IOException'> (0x00000000ebbf8290) thrown at [D:\re\workspace\8-2-build-windows-amd64-cygwin\jdk8u5\2488\hotspot\src\share\vm\prims\jni.cpp, line 716]
Event: 318.882 Thread 0x000000000231d800 Exception <a 'java/io/IOException'> (0x00000000ebbfc3b0) thrown at [D:\re\workspace\8-2-build-windows-amd64-cygwin\jdk8u5\2488\hotspot\src\share\vm\prims\jni.cpp, line 716]

Events (10 events):
Event: 312.550 Executing VM operation: ParallelGCFailedAllocation
Event: 313.462 Executing VM operation: ParallelGCFailedAllocation done
Event: 313.544 Executing VM operation: ParallelGCFailedAllocation
Event: 314.891 Executing VM operation: ParallelGCFailedAllocation done
Event: 315.455 Executing VM operation: ParallelGCFailedAllocation
Event: 316.835 Executing VM operation: ParallelGCFailedAllocation done
Event: 317.873 Executing VM operation: ParallelGCFailedAllocation
Event: 318.225 Executing VM operation: ParallelGCFailedAllocation done
Event: 318.597 Executing VM operation: ParallelGCFailedAllocation
Event: 318.806 Executing VM operation: ParallelGCFailedAllocation done


Dynamic libraries:
0x000000013f6f0000 - 0x000000013f724000 	E:\Install\eclipse\jre\bin\javaw.exe
0x0000000077a40000 - 0x0000000077be9000 	C:\Windows\SYSTEM32\ntdll.dll
0x0000000077820000 - 0x000000007793f000 	C:\Windows\system32\kernel32.dll
0x000007fefdae0000 - 0x000007fefdb4c000 	C:\Windows\system32\KERNELBASE.dll
0x000007fefe730000 - 0x000007fefe80b000 	C:\Windows\system32\ADVAPI32.dll
0x000007feffcb0000 - 0x000007feffd4f000 	C:\Windows\system32\msvcrt.dll
0x000007fefdcf0000 - 0x000007fefdd0f000 	C:\Windows\SYSTEM32\sechost.dll
0x000007feffb00000 - 0x000007feffc2d000 	C:\Windows\system32\RPCRT4.dll
0x0000000077940000 - 0x0000000077a3a000 	C:\Windows\system32\USER32.dll
0x000007fefed00000 - 0x000007fefed67000 	C:\Windows\system32\GDI32.dll
0x000007fefecf0000 - 0x000007fefecfe000 	C:\Windows\system32\LPK.dll
0x000007fefe2c0000 - 0x000007fefe389000 	C:\Windows\system32\USP10.dll
0x000007fefc260000 - 0x000007fefc45c000 	C:\Windows\WinSxS\amd64_microsoft.windows.common-controls_6595b64144ccf1df_6.0.7601.17514_none_fa396087175ac9ac\COMCTL32.dll
0x000007fefe240000 - 0x000007fefe2b1000 	C:\Windows\system32\SHLWAPI.dll
0x000007fefeab0000 - 0x000007fefeade000 	C:\Windows\system32\IMM32.DLL
0x000007fefe390000 - 0x000007fefe499000 	C:\Windows\system32\MSCTF.dll
0x0000000064080000 - 0x0000000064152000 	E:\Install\eclipse\jre\bin\msvcr100.dll
0x000000005df50000 - 0x000000005e77a000 	E:\Install\eclipse\jre\bin\server\jvm.dll
0x000007feeeea0000 - 0x000007feeeea9000 	C:\Windows\system32\WSOCK32.dll
0x000007fefe4a0000 - 0x000007fefe4ed000 	C:\Windows\system32\WS2_32.dll
0x000007fefe810000 - 0x000007fefe818000 	C:\Windows\system32\NSI.dll
0x000007fef7c80000 - 0x000007fef7cbb000 	C:\Windows\system32\WINMM.dll
0x0000000077c00000 - 0x0000000077c07000 	C:\Windows\system32\PSAPI.DLL
0x00000000654d0000 - 0x00000000654df000 	E:\Install\eclipse\jre\bin\verify.dll
0x00000000654a0000 - 0x00000000654c8000 	E:\Install\eclipse\jre\bin\java.dll
0x0000000065480000 - 0x0000000065496000 	E:\Install\eclipse\jre\bin\zip.dll
0x000007fefed70000 - 0x000007feffaf8000 	C:\Windows\system32\SHELL32.dll
0x000007fefeae0000 - 0x000007fefece3000 	C:\Windows\system32\ole32.dll
0x000007fefd850000 - 0x000007fefd85f000 	C:\Windows\system32\profapi.dll

VM Arguments:
jvm_args: -Dfile.encoding=UTF-8 
java_command: ua.viasat.www.Homework3
java_class_path (initial): C:\Users\Syma\git\study2\bin
Launcher Type: SUN_STANDARD

Environment Variables:
PATH=E:/Install/eclipse/jre/bin/server;E:/Install/eclipse/jre/bin;E:/Install/eclipse/jre/lib/amd64;C:\Windows\system32;C:\Windows;C:\Windows\System32\Wbem;C:\Windows\System32\WindowsPowerShell\v1.0\;C:\Program Files (x86)\ATI Technologies\ATI.ACE\Core-Static;E:\Install\eclipse;
USERNAME=Syma
OS=Windows_NT
PROCESSOR_IDENTIFIER=Intel64 Family 6 Model 37 Stepping 5, GenuineIntel



---------------  S Y S T E M  ---------------

OS: Windows 7 , 64 bit Build 7601 Service Pack 1

CPU:total 4 (2 cores per cpu, 2 threads per core) family 6 model 37 stepping 5, cmov, cx8, fxsr, mmx, sse, sse2, sse3, ssse3, sse4.1, sse4.2, popcnt, ht, tsc, tscinvbit

Memory: 4k page, physical 4051480k(398292k free), swap 16204056k(1140k free)

vm_info: Java HotSpot(TM) 64-Bit Server VM (25.5-b02) for windows-amd64 JRE (1.8.0_05-b13), built on Mar 18 2014 01:08:39 by "java_re" with MS VC++ 10.0 (VS2010)

time: Sun Sep 14 17:12:03 2014
elapsed time: 326 seconds

