#
# There is insufficient memory for the Java Runtime Environment to continue.
# Native memory allocation (malloc) failed to allocate 176 bytes for AllocateHeap
# Possible reasons:
#   The system is out of physical RAM or swap space
#   In 32 bit mode, the process size limit was hit
# Possible solutions:
#   Reduce memory load on the system
#   Increase physical memory or swap space
#   Check if swap backing store is full
#   Use 64 bit Java on a 64 bit OS
#   Decrease Java heap size (-Xmx/-Xms)
#   Decrease number of Java threads
#   Set larger code cache with -XX:ReservedCodeCacheSize=
# This output file may be truncated or incomplete.
#
#  Out of Memory Error (memory/allocation.inline.hpp:62), pid=10160, tid=9596
#
# JRE version: Java(TM) SE Runtime Environment (8.0_05-b13) (build 1.8.0_05-b13)
# Java VM: Java HotSpot(TM) 64-Bit Server VM (25.5-b02 mixed mode windows-amd64 compressed oops)
# Failed to write core dump. Minidumps are not enabled by default on client versions of Windows
#

---------------  T H R E A D  ---------------

Current thread (0x0000000056ab3800):  JavaThread "C1 CompilerThread2" daemon [_thread_in_vm, id=9596, stack(0x0000000056e80000,0x0000000056f80000)]

Stack: [0x0000000056e80000,0x0000000056f80000]
Native frames: (J=compiled Java code, j=interpreted, Vv=VM code, C=native code)
V  [jvm.dll+0x308dea]
V  [jvm.dll+0x25def1]
V  [jvm.dll+0x25eb0f]
V  [jvm.dll+0x2564e5]
V  [jvm.dll+0x7f68e]
V  [jvm.dll+0x7fb1b]
V  [jvm.dll+0x8c803]
V  [jvm.dll+0x8e28c]
V  [jvm.dll+0x270d3]
V  [jvm.dll+0x3dda1e]
V  [jvm.dll+0x3de9c4]
V  [jvm.dll+0x3deb68]
V  [jvm.dll+0x3ded6f]
V  [jvm.dll+0x96702]
V  [jvm.dll+0x96ef3]
V  [jvm.dll+0x2232c4]
V  [jvm.dll+0x27baca]
C  [msvcr100.dll+0x21d9f]
C  [msvcr100.dll+0x21e3b]
C  [kernel32.dll+0x159ed]
C  [ntdll.dll+0x2c541]


Current CompileTask:
C1:1407294  158       3       java.util.regex.Pattern$CharProperty::<init> (5 bytes)


---------------  P R O C E S S  ---------------

Java Threads: ( => current thread )
  0x0000000056ad0000 JavaThread "Service Thread" daemon [_thread_blocked, id=10132, stack(0x0000000057150000,0x0000000057250000)]
=>0x0000000056ab3800 JavaThread "C1 CompilerThread2" daemon [_thread_in_vm, id=9596, stack(0x0000000056e80000,0x0000000056f80000)]
  0x0000000056aab000 JavaThread "C2 CompilerThread1" daemon [_thread_blocked, id=8500, stack(0x0000000056f80000,0x0000000057080000)]
  0x0000000055174000 JavaThread "C2 CompilerThread0" daemon [_thread_blocked, id=9960, stack(0x0000000056970000,0x0000000056a70000)]
  0x0000000055172800 JavaThread "Attach Listener" daemon [_thread_blocked, id=9964, stack(0x0000000056780000,0x0000000056880000)]
  0x0000000055170000 JavaThread "Signal Dispatcher" daemon [_thread_blocked, id=10048, stack(0x0000000056630000,0x0000000056730000)]
  0x0000000055112000 JavaThread "Finalizer" daemon [_thread_blocked, id=10008, stack(0x0000000056450000,0x0000000056550000)]
  0x0000000055108800 JavaThread "Reference Handler" daemon [_thread_blocked, id=9988, stack(0x0000000056260000,0x0000000056360000)]
  0x000000000212d800 JavaThread "main" [_thread_blocked, id=10212, stack(0x00000000022b0000,0x00000000023b0000)]

Other Threads:
  0x0000000055105000 VMThread [stack: 0x0000000056070000,0x0000000056170000] [id=3244]
  0x0000000056ad4800 WatcherThread [stack: 0x00000000573f0000,0x00000000574f0000] [id=10128]

VM state:not at safepoint (normal execution)

VM Mutex/Monitor currently owned by a thread:  ([mutex/lock_event])
[0x0000000002128560] CodeCache_lock - owner thread: 0x0000000056ab3800
[0x000000000212c320] Compile_lock - owner thread: 0x0000000056ab3800
[0x000000000212c420] MethodCompileQueue_lock - owner thread: 0x0000000056ab3800

Heap:
 PSYoungGen      total 1536K, used 542K [0x00000000eb600000, 0x00000000eb800000, 0x0000000100000000)
  eden space 1024K, 4% used [0x00000000eb600000,0x00000000eb60bbd8,0x00000000eb700000)
  from space 512K, 96% used [0x00000000eb780000,0x00000000eb7fc010,0x00000000eb800000)
  to   space 512K, 0% used [0x00000000eb700000,0x00000000eb700000,0x00000000eb780000)
 ParOldGen       total 61952K, used 120K [0x00000000c2200000, 0x00000000c5e80000, 0x00000000eb600000)
  object space 61952K, 0% used [0x00000000c2200000,0x00000000c221e010,0x00000000c5e80000)
 Metaspace       used 3423K, capacity 4508K, committed 4864K, reserved 1056768K
  class space    used 394K, capacity 396K, committed 512K, reserved 1048576K

Card table byte_map: [0x0000000011ac0000,0x0000000011cb0000] byte_map_base: 0x00000000114af000

Marking Bits: (ParMarkBitMap*) 0x000000005e7013b0
 Begin Bits: [0x00000000126a0000, 0x0000000013618000)
 End Bits:   [0x0000000013618000, 0x0000000014590000)

Polling page: 0x0000000000530000

CodeCache: size=245760Kb used=1383Kb max_used=1383Kb free=244377Kb
 bounds [0x0000000002700000, 0x0000000002970000, 0x0000000011700000]
 total_blobs=408 nmethods=159 adapters=163
 compilation: enabled

Compilation events (10 events):
Event: 1395.849 Thread 0x0000000056ab3800 nmethod 155 0x0000000002857610 code [0x00000000028577a0, 0x0000000002857ca8]
Event: 1395.849 Thread 0x0000000056ab3800  156       3       java.lang.StringCoding::safeTrim (24 bytes)
Event: 1395.849 Thread 0x0000000056ab3800 nmethod 156 0x0000000002857f10 code [0x00000000028580a0, 0x0000000002858548]
Event: 1396.201 Thread 0x0000000056ab3800  160       3       java.nio.CharBuffer::array (35 bytes)
Event: 1396.202 Thread 0x0000000056ab3800 nmethod 160 0x0000000002858710 code [0x00000000028588a0, 0x0000000002858b58]
Event: 1396.202 Thread 0x0000000056ab3800  161       3       sun.nio.cs.UTF_8::access$200 (8 bytes)
Event: 1396.202 Thread 0x0000000056ab3800 nmethod 161 0x0000000002858c50 code [0x0000000002858de0, 0x0000000002859258]
Event: 1396.202 Thread 0x0000000056ab3800  157       3       java.util.regex.Pattern$CharProperty::<init> (5 bytes)
Event: 1396.202 Thread 0x0000000056ab3800 nmethod 157 0x0000000002859450 code [0x00000000028595c0, 0x0000000002859830]
Event: 1396.202 Thread 0x0000000056ab3800  158       3       java.util.regex.Pattern$CharProperty::<init> (5 bytes)

GC Heap History (8 events):
Event: 0.251 GC heap before
{Heap before GC invocations=1 (full 0):
 PSYoungGen      total 1024K, used 512K [0x00000000eb600000, 0x00000000eb780000, 0x0000000100000000)
  eden space 512K, 100% used [0x00000000eb600000,0x00000000eb680000,0x00000000eb680000)
  from space 512K, 0% used [0x00000000eb700000,0x00000000eb700000,0x00000000eb780000)
  to   space 512K, 0% used [0x00000000eb680000,0x00000000eb680000,0x00000000eb700000)
 ParOldGen       total 61952K, used 0K [0x00000000c2200000, 0x00000000c5e80000, 0x00000000eb600000)
  object space 61952K, 0% used [0x00000000c2200000,0x00000000c2200000,0x00000000c5e80000)
 Metaspace       used 2762K, capacity 4490K, committed 4864K, reserved 1056768K
  class space    used 319K, capacity 386K, committed 512K, reserved 1048576K
Event: 0.267 GC heap after
Heap after GC invocations=1 (full 0):
 PSYoungGen      total 1024K, used 432K [0x00000000eb600000, 0x00000000eb800000, 0x0000000100000000)
  eden space 512K, 0% used [0x00000000eb600000,0x00000000eb600000,0x00000000eb680000)
  from space 512K, 84% used [0x00000000eb680000,0x00000000eb6ec010,0x00000000eb700000)
  to   space 512K, 0% used [0x00000000eb780000,0x00000000eb780000,0x00000000eb800000)
 ParOldGen       total 61952K, used 8K [0x00000000c2200000, 0x00000000c5e80000, 0x00000000eb600000)
  object space 61952K, 0% used [0x00000000c2200000,0x00000000c2202000,0x00000000c5e80000)
 Metaspace       used 2762K, capacity 4490K, committed 4864K, reserved 1056768K
  class space    used 319K, capacity 386K, committed 512K, reserved 1048576K
}
Event: 1386.564 GC heap before
{Heap before GC invocations=2 (full 0):
 PSYoungGen      total 1024K, used 944K [0x00000000eb600000, 0x00000000eb800000, 0x0000000100000000)
  eden space 512K, 100% used [0x00000000eb600000,0x00000000eb680000,0x00000000eb680000)
  from space 512K, 84% used [0x00000000eb680000,0x00000000eb6ec010,0x00000000eb700000)
  to   space 512K, 0% used [0x00000000eb780000,0x00000000eb780000,0x00000000eb800000)
 ParOldGen       total 61952K, used 8K [0x00000000c2200000, 0x00000000c5e80000, 0x00000000eb600000)
  object space 61952K, 0% used [0x00000000c2200000,0x00000000c2202000,0x00000000c5e80000)
 Metaspace       used 3379K, capacity 4508K, committed 4864K, reserved 1056768K
  class space    used 394K, capacity 396K, committed 512K, reserved 1048576K
Event: 1394.802 GC heap after
Heap after GC invocations=2 (full 0):
 PSYoungGen      total 1536K, used 496K [0x00000000eb600000, 0x00000000eb800000, 0x0000000100000000)
  eden space 1024K, 0% used [0x00000000eb600000,0x00000000eb600000,0x00000000eb700000)
  from space 512K, 96% used [0x00000000eb780000,0x00000000eb7fc010,0x00000000eb800000)
  to   space 512K, 0% used [0x00000000eb700000,0x00000000eb700000,0x00000000eb780000)
 ParOldGen       total 61952K, used 112K [0x00000000c2200000, 0x00000000c5e80000, 0x00000000eb600000)
  object space 61952K, 0% used [0x00000000c2200000,0x00000000c221c010,0x00000000c5e80000)
 Metaspace       used 3379K, capacity 4508K, committed 4864K, reserved 1056768K
  class space    used 394K, capacity 396K, committed 512K, reserved 1048576K
}
Event: 1395.136 GC heap before
{Heap before GC invocations=3 (full 0):
 PSYoungGen      total 1536K, used 1515K [0x00000000eb600000, 0x00000000eb800000, 0x0000000100000000)
  eden space 1024K, 99% used [0x00000000eb600000,0x00000000eb6fec78,0x00000000eb700000)
  from space 512K, 96% used [0x00000000eb780000,0x00000000eb7fc010,0x00000000eb800000)
  to   space 512K, 0% used [0x00000000eb700000,0x00000000eb700000,0x00000000eb780000)
 ParOldGen       total 61952K, used 112K [0x00000000c2200000, 0x00000000c5e80000, 0x00000000eb600000)
  object space 61952K, 0% used [0x00000000c2200000,0x00000000c221c010,0x00000000c5e80000)
 Metaspace       used 3396K, capacity 4508K, committed 4864K, reserved 1056768K
  class space    used 394K, capacity 396K, committed 512K, reserved 1048576K
Event: 1395.799 GC heap after
Heap after GC invocations=3 (full 0):
 PSYoungGen      total 1536K, used 496K [0x00000000eb600000, 0x00000000eb800000, 0x0000000100000000)
  eden space 1024K, 0% used [0x00000000eb600000,0x00000000eb600000,0x00000000eb700000)
  from space 512K, 96% used [0x00000000eb700000,0x00000000eb77c010,0x00000000eb780000)
  to   space 512K, 0% used [0x00000000eb780000,0x00000000eb780000,0x00000000eb800000)
 ParOldGen       total 61952K, used 112K [0x00000000c2200000, 0x00000000c5e80000, 0x00000000eb600000)
  object space 61952K, 0% used [0x00000000c2200000,0x00000000c221c010,0x00000000c5e80000)
 Metaspace       used 3396K, capacity 4508K, committed 4864K, reserved 1056768K
  class space    used 394K, capacity 396K, committed 512K, reserved 1048576K
}
Event: 1395.874 GC heap before
{Heap before GC invocations=4 (full 0):
 PSYoungGen      total 1536K, used 1520K [0x00000000eb600000, 0x00000000eb800000, 0x0000000100000000)
  eden space 1024K, 100% used [0x00000000eb600000,0x00000000eb700000,0x00000000eb700000)
  from space 512K, 96% used [0x00000000eb700000,0x00000000eb77c010,0x00000000eb780000)
  to   space 512K, 0% used [0x00000000eb780000,0x00000000eb780000,0x00000000eb800000)
 ParOldGen       total 61952K, used 112K [0x00000000c2200000, 0x00000000c5e80000, 0x00000000eb600000)
  object space 61952K, 0% used [0x00000000c2200000,0x00000000c221c010,0x00000000c5e80000)
 Metaspace       used 3422K, capacity 4508K, committed 4864K, reserved 1056768K
  class space    used 394K, capacity 396K, committed 512K, reserved 1048576K
Event: 1396.181 GC heap after
Heap after GC invocations=4 (full 0):
 PSYoungGen      total 1536K, used 496K [0x00000000eb600000, 0x00000000eb800000, 0x0000000100000000)
  eden space 1024K, 0% used [0x00000000eb600000,0x00000000eb600000,0x00000000eb700000)
  from space 512K, 96% used [0x00000000eb780000,0x00000000eb7fc010,0x00000000eb800000)
  to   space 512K, 0% used [0x00000000eb700000,0x00000000eb700000,0x00000000eb780000)
 ParOldGen       total 61952K, used 120K [0x00000000c2200000, 0x00000000c5e80000, 0x00000000eb600000)
  object space 61952K, 0% used [0x00000000c2200000,0x00000000c221e010,0x00000000c5e80000)
 Metaspace       used 3422K, capacity 4508K, committed 4864K, reserved 1056768K
  class space    used 394K, capacity 396K, committed 512K, reserved 1048576K
}

Deoptimization events (0 events):
No events

Internal exceptions (10 events):
Event: 1395.853 Thread 0x000000000212d800 Exception <a 'java/io/IOException'> (0x00000000eb6f9770) thrown at [D:\re\workspace\8-2-build-windows-amd64-cygwin\jdk8u5\2488\hotspot\src\share\vm\prims\jni.cpp, line 716]
Event: 1395.854 Thread 0x000000000212d800 Exception <a 'java/io/IOException'> (0x00000000eb6fd8a0) thrown at [D:\re\workspace\8-2-build-windows-amd64-cygwin\jdk8u5\2488\hotspot\src\share\vm\prims\jni.cpp, line 716]
Event: 1395.854 Thread 0x000000000212d800 Exception <a 'java/io/IOException'> (0x00000000eb6fdaf8) thrown at [D:\re\workspace\8-2-build-windows-amd64-cygwin\jdk8u5\2488\hotspot\src\share\vm\prims\jni.cpp, line 716]
Event: 1395.854 Thread 0x000000000212d800 Exception <a 'java/io/IOException'> (0x00000000eb6fdd20) thrown at [D:\re\workspace\8-2-build-windows-amd64-cygwin\jdk8u5\2488\hotspot\src\share\vm\prims\jni.cpp, line 716]
Event: 1396.190 Thread 0x000000000212d800 Exception <a 'java/io/IOException'> (0x00000000eb603e48) thrown at [D:\re\workspace\8-2-build-windows-amd64-cygwin\jdk8u5\2488\hotspot\src\share\vm\prims\jni.cpp, line 716]
Event: 1396.191 Thread 0x000000000212d800 Exception <a 'java/io/IOException'> (0x00000000eb6040a0) thrown at [D:\re\workspace\8-2-build-windows-amd64-cygwin\jdk8u5\2488\hotspot\src\share\vm\prims\jni.cpp, line 716]
Event: 1396.191 Thread 0x000000000212d800 Exception <a 'java/io/IOException'> (0x00000000eb6042c8) thrown at [D:\re\workspace\8-2-build-windows-amd64-cygwin\jdk8u5\2488\hotspot\src\share\vm\prims\jni.cpp, line 716]
Event: 1396.191 Thread 0x000000000212d800 Exception <a 'java/io/IOException'> (0x00000000eb608420) thrown at [D:\re\workspace\8-2-build-windows-amd64-cygwin\jdk8u5\2488\hotspot\src\share\vm\prims\jni.cpp, line 716]
Event: 1396.191 Thread 0x000000000212d800 Exception <a 'java/io/IOException'> (0x00000000eb608678) thrown at [D:\re\workspace\8-2-build-windows-amd64-cygwin\jdk8u5\2488\hotspot\src\share\vm\prims\jni.cpp, line 716]
Event: 1396.191 Thread 0x000000000212d800 Exception <a 'java/io/IOException'> (0x00000000eb6088a0) thrown at [D:\re\workspace\8-2-build-windows-amd64-cygwin\jdk8u5\2488\hotspot\src\share\vm\prims\jni.cpp, line 716]

Events (10 events):
Event: 4.390 Executing VM operation: EnableBiasedLocking
Event: 4.390 Executing VM operation: EnableBiasedLocking done
Event: 1386.559 loading class java/io/InterruptedIOException
Event: 1386.559 loading class java/io/InterruptedIOException done
Event: 1386.564 Executing VM operation: ParallelGCFailedAllocation
Event: 1394.802 Executing VM operation: ParallelGCFailedAllocation done
Event: 1395.136 Executing VM operation: ParallelGCFailedAllocation
Event: 1395.799 Executing VM operation: ParallelGCFailedAllocation done
Event: 1395.874 Executing VM operation: ParallelGCFailedAllocation
Event: 1396.181 Executing VM operation: ParallelGCFailedAllocation done


Dynamic libraries:
0x000000013f6f0000 - 0x000000013f724000 	E:\Install\eclipse\jre\bin\javaw.exe
0x0000000077a40000 - 0x0000000077be9000 	C:\Windows\SYSTEM32\ntdll.dll
0x0000000077820000 - 0x000000007793f000 	C:\Windows\system32\kernel32.dll
0x000007fefdae0000 - 0x000007fefdb4c000 	C:\Windows\system32\KERNELBASE.dll
0x000007fefe730000 - 0x000007fefe80b000 	C:\Windows\system32\ADVAPI32.dll
0x000007feffcb0000 - 0x000007feffd4f000 	C:\Windows\system32\msvcrt.dll
0x000007fefdcf0000 - 0x000007fefdd0f000 	C:\Windows\SYSTEM32\sechost.dll
0x000007feffb00000 - 0x000007feffc2d000 	C:\Windows\system32\RPCRT4.dll
0x0000000077940000 - 0x0000000077a3a000 	C:\Windows\system32\USER32.dll
0x000007fefed00000 - 0x000007fefed67000 	C:\Windows\system32\GDI32.dll
0x000007fefecf0000 - 0x000007fefecfe000 	C:\Windows\system32\LPK.dll
0x000007fefe2c0000 - 0x000007fefe389000 	C:\Windows\system32\USP10.dll
0x000007fefc260000 - 0x000007fefc45c000 	C:\Windows\WinSxS\amd64_microsoft.windows.common-controls_6595b64144ccf1df_6.0.7601.17514_none_fa396087175ac9ac\COMCTL32.dll
0x000007fefe240000 - 0x000007fefe2b1000 	C:\Windows\system32\SHLWAPI.dll
0x000007fefeab0000 - 0x000007fefeade000 	C:\Windows\system32\IMM32.DLL
0x000007fefe390000 - 0x000007fefe499000 	C:\Windows\system32\MSCTF.dll
0x0000000064080000 - 0x0000000064152000 	E:\Install\eclipse\jre\bin\msvcr100.dll
0x000000005df50000 - 0x000000005e77a000 	E:\Install\eclipse\jre\bin\server\jvm.dll
0x000007feeeea0000 - 0x000007feeeea9000 	C:\Windows\system32\WSOCK32.dll
0x000007fefe4a0000 - 0x000007fefe4ed000 	C:\Windows\system32\WS2_32.dll
0x000007fefe810000 - 0x000007fefe818000 	C:\Windows\system32\NSI.dll
0x000007fef7c80000 - 0x000007fef7cbb000 	C:\Windows\system32\WINMM.dll
0x0000000077c00000 - 0x0000000077c07000 	C:\Windows\system32\PSAPI.DLL
0x00000000654d0000 - 0x00000000654df000 	E:\Install\eclipse\jre\bin\verify.dll
0x00000000654a0000 - 0x00000000654c8000 	E:\Install\eclipse\jre\bin\java.dll
0x0000000065480000 - 0x0000000065496000 	E:\Install\eclipse\jre\bin\zip.dll
0x000007fefed70000 - 0x000007feffaf8000 	C:\Windows\system32\SHELL32.dll
0x000007fefeae0000 - 0x000007fefece3000 	C:\Windows\system32\ole32.dll
0x000007fefd850000 - 0x000007fefd85f000 	C:\Windows\system32\profapi.dll
0x000007feec690000 - 0x000007feec7b5000 	C:\Windows\system32\dbghelp.dll

VM Arguments:
jvm_args: -Dfile.encoding=UTF-8 
java_command: ua.viasat.www.Homework3
java_class_path (initial): C:\Users\Syma\git\study2\bin
Launcher Type: SUN_STANDARD

Environment Variables:
PATH=E:/Install/eclipse/jre/bin/server;E:/Install/eclipse/jre/bin;E:/Install/eclipse/jre/lib/amd64;C:\Windows\system32;C:\Windows;C:\Windows\System32\Wbem;C:\Windows\System32\WindowsPowerShell\v1.0\;C:\Program Files (x86)\ATI Technologies\ATI.ACE\Core-Static;E:\Install\eclipse;
USERNAME=Syma
OS=Windows_NT
PROCESSOR_IDENTIFIER=Intel64 Family 6 Model 37 Stepping 5, GenuineIntel



---------------  S Y S T E M  ---------------

OS: Windows 7 , 64 bit Build 7601 Service Pack 1

CPU:total 4 (2 cores per cpu, 2 threads per core) family 6 model 37 stepping 5, cmov, cx8, fxsr, mmx, sse, sse2, sse3, ssse3, sse4.1, sse4.2, popcnt, ht, tsc, tscinvbit

Memory: 4k page, physical 4051480k(502232k free), swap 16204056k(976768k free)

vm_info: Java HotSpot(TM) 64-Bit Server VM (25.5-b02) for windows-amd64 JRE (1.8.0_05-b13), built on Mar 18 2014 01:08:39 by "java_re" with MS VC++ 10.0 (VS2010)

time: Sun Sep 14 17:12:07 2014
elapsed time: 1407 seconds

