#
# There is insufficient memory for the Java Runtime Environment to continue.
# Native memory allocation (malloc) failed to allocate 32744 bytes for ChunkPool::allocate
# Possible reasons:
#   The system is out of physical RAM or swap space
#   In 32 bit mode, the process size limit was hit
# Possible solutions:
#   Reduce memory load on the system
#   Increase physical memory or swap space
#   Check if swap backing store is full
#   Use 64 bit Java on a 64 bit OS
#   Decrease Java heap size (-Xmx/-Xms)
#   Decrease number of Java threads
#   Decrease Java thread stack sizes (-Xss)
#   Set larger code cache with -XX:ReservedCodeCacheSize=
# This output file may be truncated or incomplete.
#
#  Out of Memory Error (allocation.cpp:271), pid=11100, tid=11316
#
# JRE version: Java(TM) SE Runtime Environment (8.0_05-b13) (build 1.8.0_05-b13)
# Java VM: Java HotSpot(TM) 64-Bit Server VM (25.5-b02 mixed mode windows-amd64 compressed oops)
# Failed to write core dump. Minidumps are not enabled by default on client versions of Windows
#

---------------  T H R E A D  ---------------

Current thread (0x00000000569d3800):  JavaThread "C1 CompilerThread2" daemon [_thread_in_native, id=11316, stack(0x0000000056e70000,0x0000000056f70000)]

Stack: [0x0000000056e70000,0x0000000056f70000]
Native frames: (J=compiled Java code, j=interpreted, Vv=VM code, C=native code)
V  [jvm.dll+0x308dea]


Current CompileTask:
C1: 323015  139       3       java.text.DecimalFormat::applyPattern (1591 bytes)


---------------  P R O C E S S  ---------------

Java Threads: ( => current thread )
  0x0000000056a37000 JavaThread "Service Thread" daemon [_thread_blocked, id=11320, stack(0x00000000570f0000,0x00000000571f0000)]
=>0x00000000569d3800 JavaThread "C1 CompilerThread2" daemon [_thread_in_native, id=11316, stack(0x0000000056e70000,0x0000000056f70000)]
  0x0000000054fbc800 JavaThread "C2 CompilerThread1" daemon [_thread_in_native, id=11312, stack(0x00000000568d0000,0x00000000569d0000)]
  0x0000000054fb8000 JavaThread "C2 CompilerThread0" daemon [_thread_in_native, id=11308, stack(0x0000000056760000,0x0000000056860000)]
  0x0000000054fb7000 JavaThread "Attach Listener" daemon [_thread_blocked, id=11304, stack(0x00000000562c0000,0x00000000563c0000)]
  0x0000000054fbf000 JavaThread "Signal Dispatcher" daemon [_thread_blocked, id=11300, stack(0x0000000056550000,0x0000000056650000)]
  0x0000000054f54000 JavaThread "Finalizer" daemon [_thread_blocked, id=11296, stack(0x00000000563d0000,0x00000000564d0000)]
  0x0000000054f50800 JavaThread "Reference Handler" daemon [_thread_blocked, id=11292, stack(0x0000000056180000,0x0000000056280000)]
  0x000000000211d800 JavaThread "main" [_thread_in_vm, id=10860, stack(0x0000000002510000,0x0000000002610000)]

Other Threads:
  0x0000000054f47000 VMThread [stack: 0x0000000055f90000,0x0000000056090000] [id=11288]
  0x0000000056a3b800 WatcherThread [stack: 0x0000000057260000,0x0000000057360000] [id=11324]

VM state:not at safepoint (normal execution)

VM Mutex/Monitor currently owned by a thread:  ([mutex/lock_event])
[0x000000000211c3a0] MethodData_lock - owner thread: 0x000000000211d800

Heap:
 PSYoungGen      total 3072K, used 1508K [0x00000000eb600000, 0x00000000eba00000, 0x0000000100000000)
  eden space 2048K, 49% used [0x00000000eb600000,0x00000000eb6fd0b8,0x00000000eb800000)
  from space 1024K, 48% used [0x00000000eb900000,0x00000000eb97c010,0x00000000eba00000)
  to   space 1024K, 0% used [0x00000000eb800000,0x00000000eb800000,0x00000000eb900000)
 ParOldGen       total 61952K, used 128K [0x00000000c2200000, 0x00000000c5e80000, 0x00000000eb600000)
  object space 61952K, 0% used [0x00000000c2200000,0x00000000c2220030,0x00000000c5e80000)
 Metaspace       used 3415K, capacity 4508K, committed 4864K, reserved 1056768K
  class space    used 394K, capacity 396K, committed 512K, reserved 1048576K

Card table byte_map: [0x0000000011ca0000,0x0000000011e90000] byte_map_base: 0x000000001168f000

Marking Bits: (ParMarkBitMap*) 0x000000005e7013b0
 Begin Bits: [0x00000000124e0000, 0x0000000013458000)
 End Bits:   [0x0000000013458000, 0x00000000143d0000)

Polling page: 0x0000000000330000

CodeCache: size=245760Kb used=1304Kb max_used=1304Kb free=244456Kb
 bounds [0x00000000028e0000, 0x0000000002b50000, 0x00000000118e0000]
 total_blobs=387 nmethods=139 adapters=163
 compilation: enabled

Compilation events (10 events):
Event: 320.586 Thread 0x00000000569d3800 nmethod 134 0x0000000002a20e10 code [0x0000000002a21020, 0x0000000002a21e38]
Event: 320.589 Thread 0x00000000569d3800  135       3       java.text.DecimalFormat::expandAffix (188 bytes)
Event: 320.592 Thread 0x00000000569d3800 nmethod 135 0x0000000002a224d0 code [0x0000000002a22780, 0x0000000002a24118]
Event: 320.592 Thread 0x00000000569d3800  136  s    3       java.lang.StringBuffer::setLength (11 bytes)
Event: 320.592 Thread 0x00000000569d3800 nmethod 136 0x0000000002a24c90 code [0x0000000002a24e00, 0x0000000002a25108]
Event: 320.592 Thread 0x00000000569d3800  137       3       java.lang.AbstractStringBuilder::setLength (45 bytes)
Event: 320.593 Thread 0x00000000569d3800 nmethod 137 0x0000000002a251d0 code [0x0000000002a25380, 0x0000000002a25828]
Event: 320.594 Thread 0x00000000569d3800  138       1       java.nio.Buffer::remaining (10 bytes)
Event: 320.594 Thread 0x00000000569d3800 nmethod 138 0x0000000002a25ad0 code [0x0000000002a25c20, 0x0000000002a25d30]
Event: 320.594 Thread 0x00000000569d3800  139       3       java.text.DecimalFormat::applyPattern (1591 bytes)

GC Heap History (10 events):
Event: 0.293 GC heap before
{Heap before GC invocations=1 (full 0):
 PSYoungGen      total 1024K, used 512K [0x00000000eb600000, 0x00000000eb780000, 0x0000000100000000)
  eden space 512K, 100% used [0x00000000eb600000,0x00000000eb680000,0x00000000eb680000)
  from space 512K, 0% used [0x00000000eb700000,0x00000000eb700000,0x00000000eb780000)
  to   space 512K, 0% used [0x00000000eb680000,0x00000000eb680000,0x00000000eb700000)
 ParOldGen       total 61952K, used 0K [0x00000000c2200000, 0x00000000c5e80000, 0x00000000eb600000)
  object space 61952K, 0% used [0x00000000c2200000,0x00000000c2200000,0x00000000c5e80000)
 Metaspace       used 2760K, capacity 4490K, committed 4864K, reserved 1056768K
  class space    used 319K, capacity 386K, committed 512K, reserved 1048576K
Event: 0.294 GC heap after
Heap after GC invocations=1 (full 0):
 PSYoungGen      total 1024K, used 448K [0x00000000eb600000, 0x00000000eb780000, 0x0000000100000000)
  eden space 512K, 0% used [0x00000000eb600000,0x00000000eb600000,0x00000000eb680000)
  from space 512K, 87% used [0x00000000eb680000,0x00000000eb6f0020,0x00000000eb700000)
  to   space 512K, 0% used [0x00000000eb700000,0x00000000eb700000,0x00000000eb780000)
 ParOldGen       total 61952K, used 8K [0x00000000c2200000, 0x00000000c5e80000, 0x00000000eb600000)
  object space 61952K, 0% used [0x00000000c2200000,0x00000000c2202000,0x00000000c5e80000)
 Metaspace       used 2760K, capacity 4490K, committed 4864K, reserved 1056768K
  class space    used 319K, capacity 386K, committed 512K, reserved 1048576K
}
Event: 312.305 GC heap before
{Heap before GC invocations=2 (full 0):
 PSYoungGen      total 1024K, used 960K [0x00000000eb600000, 0x00000000eb780000, 0x0000000100000000)
  eden space 512K, 100% used [0x00000000eb600000,0x00000000eb680000,0x00000000eb680000)
  from space 512K, 87% used [0x00000000eb680000,0x00000000eb6f0020,0x00000000eb700000)
  to   space 512K, 0% used [0x00000000eb700000,0x00000000eb700000,0x00000000eb780000)
 ParOldGen       total 61952K, used 8K [0x00000000c2200000, 0x00000000c5e80000, 0x00000000eb600000)
  object space 61952K, 0% used [0x00000000c2200000,0x00000000c2202000,0x00000000c5e80000)
 Metaspace       used 3375K, capacity 4508K, committed 4864K, reserved 1056768K
  class space    used 394K, capacity 396K, committed 512K, reserved 1048576K
Event: 316.256 GC heap after
Heap after GC invocations=2 (full 0):
 PSYoungGen      total 1024K, used 496K [0x00000000eb600000, 0x00000000eb780000, 0x0000000100000000)
  eden space 512K, 0% used [0x00000000eb600000,0x00000000eb600000,0x00000000eb680000)
  from space 512K, 96% used [0x00000000eb700000,0x00000000eb77c010,0x00000000eb780000)
  to   space 512K, 0% used [0x00000000eb680000,0x00000000eb680000,0x00000000eb700000)
 ParOldGen       total 61952K, used 112K [0x00000000c2200000, 0x00000000c5e80000, 0x00000000eb600000)
  object space 61952K, 0% used [0x00000000c2200000,0x00000000c221c030,0x00000000c5e80000)
 Metaspace       used 3375K, capacity 4508K, committed 4864K, reserved 1056768K
  class space    used 394K, capacity 396K, committed 512K, reserved 1048576K
}
Event: 316.283 GC heap before
{Heap before GC invocations=3 (full 0):
 PSYoungGen      total 1024K, used 1008K [0x00000000eb600000, 0x00000000eb780000, 0x0000000100000000)
  eden space 512K, 100% used [0x00000000eb600000,0x00000000eb680000,0x00000000eb680000)
  from space 512K, 96% used [0x00000000eb700000,0x00000000eb77c010,0x00000000eb780000)
  to   space 512K, 0% used [0x00000000eb680000,0x00000000eb680000,0x00000000eb700000)
 ParOldGen       total 61952K, used 112K [0x00000000c2200000, 0x00000000c5e80000, 0x00000000eb600000)
  object space 61952K, 0% used [0x00000000c2200000,0x00000000c221c030,0x00000000c5e80000)
 Metaspace       used 3381K, capacity 4508K, committed 4864K, reserved 1056768K
  class space    used 394K, capacity 396K, committed 512K, reserved 1048576K
Event: 317.167 GC heap after
Heap after GC invocations=3 (full 0):
 PSYoungGen      total 1024K, used 512K [0x00000000eb600000, 0x00000000eb800000, 0x0000000100000000)
  eden space 512K, 0% used [0x00000000eb600000,0x00000000eb600000,0x00000000eb680000)
  from space 512K, 100% used [0x00000000eb680000,0x00000000eb700000,0x00000000eb700000)
  to   space 512K, 0% used [0x00000000eb780000,0x00000000eb780000,0x00000000eb800000)
 ParOldGen       total 61952K, used 112K [0x00000000c2200000, 0x00000000c5e80000, 0x00000000eb600000)
  object space 61952K, 0% used [0x00000000c2200000,0x00000000c221c030,0x00000000c5e80000)
 Metaspace       used 3381K, capacity 4508K, committed 4864K, reserved 1056768K
  class space    used 394K, capacity 396K, committed 512K, reserved 1048576K
}
Event: 317.227 GC heap before
{Heap before GC invocations=4 (full 0):
 PSYoungGen      total 1024K, used 1019K [0x00000000eb600000, 0x00000000eb800000, 0x0000000100000000)
  eden space 512K, 99% used [0x00000000eb600000,0x00000000eb67eec8,0x00000000eb680000)
  from space 512K, 100% used [0x00000000eb680000,0x00000000eb700000,0x00000000eb700000)
  to   space 512K, 0% used [0x00000000eb780000,0x00000000eb780000,0x00000000eb800000)
 ParOldGen       total 61952K, used 112K [0x00000000c2200000, 0x00000000c5e80000, 0x00000000eb600000)
  object space 61952K, 0% used [0x00000000c2200000,0x00000000c221c030,0x00000000c5e80000)
 Metaspace       used 3385K, capacity 4508K, committed 4864K, reserved 1056768K
  class space    used 394K, capacity 396K, committed 512K, reserved 1048576K
Event: 318.595 GC heap after
Heap after GC invocations=4 (full 0):
 PSYoungGen      total 1536K, used 496K [0x00000000eb600000, 0x00000000eb800000, 0x0000000100000000)
  eden space 1024K, 0% used [0x00000000eb600000,0x00000000eb600000,0x00000000eb700000)
  from space 512K, 96% used [0x00000000eb780000,0x00000000eb7fc010,0x00000000eb800000)
  to   space 512K, 0% used [0x00000000eb700000,0x00000000eb700000,0x00000000eb780000)
 ParOldGen       total 61952K, used 128K [0x00000000c2200000, 0x00000000c5e80000, 0x00000000eb600000)
  object space 61952K, 0% used [0x00000000c2200000,0x00000000c2220030,0x00000000c5e80000)
 Metaspace       used 3385K, capacity 4508K, committed 4864K, reserved 1056768K
  class space    used 394K, capacity 396K, committed 512K, reserved 1048576K
}
Event: 318.697 GC heap before
{Heap before GC invocations=5 (full 0):
 PSYoungGen      total 1536K, used 1520K [0x00000000eb600000, 0x00000000eb800000, 0x0000000100000000)
  eden space 1024K, 100% used [0x00000000eb600000,0x00000000eb700000,0x00000000eb700000)
  from space 512K, 96% used [0x00000000eb780000,0x00000000eb7fc010,0x00000000eb800000)
  to   space 512K, 0% used [0x00000000eb700000,0x00000000eb700000,0x00000000eb780000)
 ParOldGen       total 61952K, used 128K [0x00000000c2200000, 0x00000000c5e80000, 0x00000000eb600000)
  object space 61952K, 0% used [0x00000000c2200000,0x00000000c2220030,0x00000000c5e80000)
 Metaspace       used 3393K, capacity 4508K, committed 4864K, reserved 1056768K
  class space    used 394K, capacity 396K, committed 512K, reserved 1048576K
Event: 320.539 GC heap after
Heap after GC invocations=5 (full 0):
 PSYoungGen      total 1536K, used 496K [0x00000000eb600000, 0x00000000eba00000, 0x0000000100000000)
  eden space 1024K, 0% used [0x00000000eb600000,0x00000000eb600000,0x00000000eb700000)
  from space 512K, 96% used [0x00000000eb700000,0x00000000eb77c010,0x00000000eb780000)
  to   space 1024K, 0% used [0x00000000eb900000,0x00000000eb900000,0x00000000eba00000)
 ParOldGen       total 61952K, used 128K [0x00000000c2200000, 0x00000000c5e80000, 0x00000000eb600000)
  object space 61952K, 0% used [0x00000000c2200000,0x00000000c2220030,0x00000000c5e80000)
 Metaspace       used 3393K, capacity 4508K, committed 4864K, reserved 1056768K
  class space    used 394K, capacity 396K, committed 512K, reserved 1048576K
}

Deoptimization events (0 events):
No events

Internal exceptions (10 events):
Event: 320.588 Thread 0x000000000211d800 Exception <a 'java/io/IOException'> (0x00000000eb65aa40) thrown at [D:\re\workspace\8-2-build-windows-amd64-cygwin\jdk8u5\2488\hotspot\src\share\vm\prims\jni.cpp, line 716]
Event: 320.588 Thread 0x000000000211d800 Exception <a 'java/io/IOException'> (0x00000000eb65ec58) thrown at [D:\re\workspace\8-2-build-windows-amd64-cygwin\jdk8u5\2488\hotspot\src\share\vm\prims\jni.cpp, line 716]
Event: 320.589 Thread 0x000000000211d800 Exception <a 'java/io/IOException'> (0x00000000eb662e70) thrown at [D:\re\workspace\8-2-build-windows-amd64-cygwin\jdk8u5\2488\hotspot\src\share\vm\prims\jni.cpp, line 716]
Event: 320.589 Thread 0x000000000211d800 Exception <a 'java/io/IOException'> (0x00000000eb667088) thrown at [D:\re\workspace\8-2-build-windows-amd64-cygwin\jdk8u5\2488\hotspot\src\share\vm\prims\jni.cpp, line 716]
Event: 320.589 Thread 0x000000000211d800 Exception <a 'java/io/IOException'> (0x00000000eb66b2a0) thrown at [D:\re\workspace\8-2-build-windows-amd64-cygwin\jdk8u5\2488\hotspot\src\share\vm\prims\jni.cpp, line 716]
Event: 320.589 Thread 0x000000000211d800 Exception <a 'java/io/IOException'> (0x00000000eb66f4b8) thrown at [D:\re\workspace\8-2-build-windows-amd64-cygwin\jdk8u5\2488\hotspot\src\share\vm\prims\jni.cpp, line 716]
Event: 320.593 Thread 0x000000000211d800 Exception <a 'java/io/IOException'> (0x00000000eb6736d0) thrown at [D:\re\workspace\8-2-build-windows-amd64-cygwin\jdk8u5\2488\hotspot\src\share\vm\prims\jni.cpp, line 716]
Event: 320.594 Thread 0x000000000211d800 Exception <a 'java/io/IOException'> (0x00000000eb6778e8) thrown at [D:\re\workspace\8-2-build-windows-amd64-cygwin\jdk8u5\2488\hotspot\src\share\vm\prims\jni.cpp, line 716]
Event: 320.594 Thread 0x000000000211d800 Exception <a 'java/io/IOException'> (0x00000000eb67bb00) thrown at [D:\re\workspace\8-2-build-windows-amd64-cygwin\jdk8u5\2488\hotspot\src\share\vm\prims\jni.cpp, line 716]
Event: 320.594 Thread 0x000000000211d800 Exception <a 'java/io/IOException'> (0x00000000eb67fd18) thrown at [D:\re\workspace\8-2-build-windows-amd64-cygwin\jdk8u5\2488\hotspot\src\share\vm\prims\jni.cpp, line 716]

Events (10 events):
Event: 312.302 loading class java/io/InterruptedIOException
Event: 312.302 loading class java/io/InterruptedIOException done
Event: 312.305 Executing VM operation: ParallelGCFailedAllocation
Event: 316.256 Executing VM operation: ParallelGCFailedAllocation done
Event: 316.283 Executing VM operation: ParallelGCFailedAllocation
Event: 317.167 Executing VM operation: ParallelGCFailedAllocation done
Event: 317.227 Executing VM operation: ParallelGCFailedAllocation
Event: 318.595 Executing VM operation: ParallelGCFailedAllocation done
Event: 318.697 Executing VM operation: ParallelGCFailedAllocation
Event: 320.539 Executing VM operation: ParallelGCFailedAllocation done


Dynamic libraries:
0x000000013f6f0000 - 0x000000013f724000 	E:\Install\eclipse\jre\bin\javaw.exe
0x0000000077a40000 - 0x0000000077be9000 	C:\Windows\SYSTEM32\ntdll.dll
0x0000000077820000 - 0x000000007793f000 	C:\Windows\system32\kernel32.dll
0x000007fefdae0000 - 0x000007fefdb4c000 	C:\Windows\system32\KERNELBASE.dll
0x000007fefe730000 - 0x000007fefe80b000 	C:\Windows\system32\ADVAPI32.dll
0x000007feffcb0000 - 0x000007feffd4f000 	C:\Windows\system32\msvcrt.dll
0x000007fefdcf0000 - 0x000007fefdd0f000 	C:\Windows\SYSTEM32\sechost.dll
0x000007feffb00000 - 0x000007feffc2d000 	C:\Windows\system32\RPCRT4.dll
0x0000000077940000 - 0x0000000077a3a000 	C:\Windows\system32\USER32.dll
0x000007fefed00000 - 0x000007fefed67000 	C:\Windows\system32\GDI32.dll
0x000007fefecf0000 - 0x000007fefecfe000 	C:\Windows\system32\LPK.dll
0x000007fefe2c0000 - 0x000007fefe389000 	C:\Windows\system32\USP10.dll
0x000007fefc260000 - 0x000007fefc45c000 	C:\Windows\WinSxS\amd64_microsoft.windows.common-controls_6595b64144ccf1df_6.0.7601.17514_none_fa396087175ac9ac\COMCTL32.dll
0x000007fefe240000 - 0x000007fefe2b1000 	C:\Windows\system32\SHLWAPI.dll
0x000007fefeab0000 - 0x000007fefeade000 	C:\Windows\system32\IMM32.DLL
0x000007fefe390000 - 0x000007fefe499000 	C:\Windows\system32\MSCTF.dll
0x0000000064080000 - 0x0000000064152000 	E:\Install\eclipse\jre\bin\msvcr100.dll
0x000000005df50000 - 0x000000005e77a000 	E:\Install\eclipse\jre\bin\server\jvm.dll
0x000007feeeea0000 - 0x000007feeeea9000 	C:\Windows\system32\WSOCK32.dll
0x000007fefe4a0000 - 0x000007fefe4ed000 	C:\Windows\system32\WS2_32.dll
0x000007fefe810000 - 0x000007fefe818000 	C:\Windows\system32\NSI.dll
0x000007fef7c80000 - 0x000007fef7cbb000 	C:\Windows\system32\WINMM.dll
0x0000000077c00000 - 0x0000000077c07000 	C:\Windows\system32\PSAPI.DLL
0x00000000654d0000 - 0x00000000654df000 	E:\Install\eclipse\jre\bin\verify.dll
0x00000000654a0000 - 0x00000000654c8000 	E:\Install\eclipse\jre\bin\java.dll
0x0000000065480000 - 0x0000000065496000 	E:\Install\eclipse\jre\bin\zip.dll
0x000007fefed70000 - 0x000007feffaf8000 	C:\Windows\system32\SHELL32.dll
0x000007fefeae0000 - 0x000007fefece3000 	C:\Windows\system32\ole32.dll
0x000007fefd850000 - 0x000007fefd85f000 	C:\Windows\system32\profapi.dll

VM Arguments:
jvm_args: -Dfile.encoding=UTF-8 
java_command: ua.viasat.www.Homework3
java_class_path (initial): C:\Users\Syma\git\study2\bin
Launcher Type: SUN_STANDARD

Environment Variables:
PATH=E:/Install/eclipse/jre/bin/server;E:/Install/eclipse/jre/bin;E:/Install/eclipse/jre/lib/amd64;C:\Windows\system32;C:\Windows;C:\Windows\System32\Wbem;C:\Windows\System32\WindowsPowerShell\v1.0\;C:\Program Files (x86)\ATI Technologies\ATI.ACE\Core-Static;E:\Install\eclipse;
USERNAME=Syma
OS=Windows_NT
PROCESSOR_IDENTIFIER=Intel64 Family 6 Model 37 Stepping 5, GenuineIntel



---------------  S Y S T E M  ---------------

OS: Windows 7 , 64 bit Build 7601 Service Pack 1

CPU:total 4 (2 cores per cpu, 2 threads per core) family 6 model 37 stepping 5, cmov, cx8, fxsr, mmx, sse, sse2, sse3, ssse3, sse4.1, sse4.2, popcnt, ht, tsc, tscinvbit

Memory: 4k page, physical 4051480k(392136k free), swap 16204056k(3548k free)

vm_info: Java HotSpot(TM) 64-Bit Server VM (25.5-b02) for windows-amd64 JRE (1.8.0_05-b13), built on Mar 18 2014 01:08:39 by "java_re" with MS VC++ 10.0 (VS2010)

time: Sun Sep 14 17:12:01 2014
elapsed time: 328 seconds

