#
# There is insufficient memory for the Java Runtime Environment to continue.
# Native memory allocation (malloc) failed to allocate 32744 bytes for ChunkPool::allocate
# Possible reasons:
#   The system is out of physical RAM or swap space
#   In 32 bit mode, the process size limit was hit
# Possible solutions:
#   Reduce memory load on the system
#   Increase physical memory or swap space
#   Check if swap backing store is full
#   Use 64 bit Java on a 64 bit OS
#   Decrease Java heap size (-Xmx/-Xms)
#   Decrease number of Java threads
#   Decrease Java thread stack sizes (-Xss)
#   Set larger code cache with -XX:ReservedCodeCacheSize=
# This output file may be truncated or incomplete.
#
#  Out of Memory Error (allocation.cpp:271), pid=11040, tid=6532
#
# JRE version: Java(TM) SE Runtime Environment (8.0_05-b13) (build 1.8.0_05-b13)
# Java VM: Java HotSpot(TM) 64-Bit Server VM (25.5-b02 mixed mode windows-amd64 compressed oops)
# Failed to write core dump. Minidumps are not enabled by default on client versions of Windows
#

---------------  T H R E A D  ---------------

Current thread (0x0000000056976800):  JavaThread "C1 CompilerThread2" daemon [_thread_in_native, id=6532, stack(0x0000000056d30000,0x0000000056e30000)]

Stack: [0x0000000056d30000,0x0000000056e30000]
Native frames: (J=compiled Java code, j=interpreted, Vv=VM code, C=native code)
V  [jvm.dll+0x308dea]


Current CompileTask:
C1: 330854  128       3       java.util.regex.Pattern::closure (477 bytes)


---------------  P R O C E S S  ---------------

Java Threads: ( => current thread )
  0x0000000054e5f000 JavaThread "Service Thread" daemon [_thread_blocked, id=7112, stack(0x0000000056560000,0x0000000056660000)]
=>0x0000000056976800 JavaThread "C1 CompilerThread2" daemon [_thread_in_native, id=6532, stack(0x0000000056d30000,0x0000000056e30000)]
  0x0000000054e59000 JavaThread "C2 CompilerThread1" daemon [_thread_blocked, id=10556, stack(0x0000000056e40000,0x0000000056f40000)]
  0x0000000054e52000 JavaThread "C2 CompilerThread0" daemon [_thread_blocked, id=9992, stack(0x0000000056830000,0x0000000056930000)]
  0x0000000054e50800 JavaThread "Attach Listener" daemon [_thread_blocked, id=10648, stack(0x0000000056690000,0x0000000056790000)]
  0x0000000054e4d800 JavaThread "Signal Dispatcher" daemon [_thread_blocked, id=10800, stack(0x0000000056440000,0x0000000056540000)]
  0x0000000054ded800 JavaThread "Finalizer" daemon [_thread_blocked, id=7468, stack(0x0000000056270000,0x0000000056370000)]
  0x0000000054de9800 JavaThread "Reference Handler" daemon [_thread_blocked, id=10200, stack(0x00000000560f0000,0x00000000561f0000)]
  0x00000000003bd800 JavaThread "main" [_thread_blocked, id=10616, stack(0x0000000002300000,0x0000000002400000)]

Other Threads:
  0x0000000054de6000 VMThread [stack: 0x0000000055f30000,0x0000000056030000] [id=10548]
  0x000000005697d000 WatcherThread [stack: 0x0000000057130000,0x0000000057230000] [id=10528]

VM state:at safepoint (normal execution)

VM Mutex/Monitor currently owned by a thread:  ([mutex/lock_event])
[0x00000000003bb920] Threads_lock - owner thread: 0x0000000054de6000
[0x00000000003bbe20] Heap_lock - owner thread: 0x00000000003bd800

Heap:
 PSYoungGen      total 1536K, used 1520K [0x00000000eb600000, 0x00000000eb900000, 0x0000000100000000)
  eden space 1024K, 100% used [0x00000000eb600000,0x00000000eb700000,0x00000000eb700000)
  from space 512K, 96% used [0x00000000eb700000,0x00000000eb77c010,0x00000000eb780000)
  to   space 512K, 0% used [0x00000000eb880000,0x00000000eb880000,0x00000000eb900000)
 ParOldGen       total 61952K, used 120K [0x00000000c2200000, 0x00000000c5e80000, 0x00000000eb600000)
  object space 61952K, 0% used [0x00000000c2200000,0x00000000c221e010,0x00000000c5e80000)
 Metaspace       used 3404K, capacity 4508K, committed 4864K, reserved 1056768K
  class space    used 394K, capacity 396K, committed 512K, reserved 1048576K

Card table byte_map: [0x0000000011a90000,0x0000000011c80000] byte_map_base: 0x000000001147f000

Marking Bits: (ParMarkBitMap*) 0x000000005e7013b0
 Begin Bits: [0x0000000012380000, 0x00000000132f8000)
 End Bits:   [0x00000000132f8000, 0x0000000014270000)

Polling page: 0x0000000000320000

CodeCache: size=245760Kb used=1308Kb max_used=1308Kb free=244451Kb
 bounds [0x00000000026d0000, 0x0000000002940000, 0x00000000116d0000]
 total_blobs=375 nmethods=127 adapters=163
 compilation: enabled

Compilation events (10 events):
Event: 328.662 Thread 0x0000000056976800 nmethod 123 0x00000000028156d0 code [0x0000000002815820, 0x0000000002815930]
Event: 328.662 Thread 0x0000000056976800  124       3       java.lang.Character::charCount (12 bytes)
Event: 328.662 Thread 0x0000000056976800 nmethod 124 0x0000000002815990 code [0x0000000002815ae0, 0x0000000002815c70]
Event: 328.662 Thread 0x0000000056976800  125       3       java.util.regex.Pattern$TreeInfo::reset (21 bytes)
Event: 328.663 Thread 0x0000000056976800 nmethod 125 0x0000000002815cd0 code [0x0000000002815e20, 0x0000000002815f90]
Event: 328.663 Thread 0x0000000056976800  126       3       java.util.regex.Pattern::compile (10 bytes)
Event: 328.663 Thread 0x0000000056976800 nmethod 126 0x0000000002816010 code [0x0000000002816180, 0x0000000002816348]
Event: 328.663 Thread 0x0000000056976800  127       3       java.util.regex.Pattern::<init> (90 bytes)
Event: 328.664 Thread 0x0000000056976800 nmethod 127 0x0000000002816410 code [0x00000000028165e0, 0x0000000002816e18]
Event: 328.664 Thread 0x0000000056976800  128       3       java.util.regex.Pattern::closure (477 bytes)

GC Heap History (6 events):
Event: 0.318 GC heap before
{Heap before GC invocations=1 (full 0):
 PSYoungGen      total 1024K, used 512K [0x00000000eb600000, 0x00000000eb780000, 0x0000000100000000)
  eden space 512K, 100% used [0x00000000eb600000,0x00000000eb680000,0x00000000eb680000)
  from space 512K, 0% used [0x00000000eb700000,0x00000000eb700000,0x00000000eb780000)
  to   space 512K, 0% used [0x00000000eb680000,0x00000000eb680000,0x00000000eb700000)
 ParOldGen       total 61952K, used 0K [0x00000000c2200000, 0x00000000c5e80000, 0x00000000eb600000)
  object space 61952K, 0% used [0x00000000c2200000,0x00000000c2200000,0x00000000c5e80000)
 Metaspace       used 2757K, capacity 4490K, committed 4864K, reserved 1056768K
  class space    used 319K, capacity 386K, committed 512K, reserved 1048576K
Event: 0.465 GC heap after
Heap after GC invocations=1 (full 0):
 PSYoungGen      total 1024K, used 432K [0x00000000eb600000, 0x00000000eb800000, 0x0000000100000000)
  eden space 512K, 0% used [0x00000000eb600000,0x00000000eb600000,0x00000000eb680000)
  from space 512K, 84% used [0x00000000eb680000,0x00000000eb6ec010,0x00000000eb700000)
  to   space 512K, 0% used [0x00000000eb780000,0x00000000eb780000,0x00000000eb800000)
 ParOldGen       total 61952K, used 8K [0x00000000c2200000, 0x00000000c5e80000, 0x00000000eb600000)
  object space 61952K, 0% used [0x00000000c2200000,0x00000000c2202000,0x00000000c5e80000)
 Metaspace       used 2757K, capacity 4490K, committed 4864K, reserved 1056768K
  class space    used 319K, capacity 386K, committed 512K, reserved 1048576K
}
Event: 320.035 GC heap before
{Heap before GC invocations=2 (full 0):
 PSYoungGen      total 1024K, used 939K [0x00000000eb600000, 0x00000000eb800000, 0x0000000100000000)
  eden space 512K, 99% used [0x00000000eb600000,0x00000000eb67edc8,0x00000000eb680000)
  from space 512K, 84% used [0x00000000eb680000,0x00000000eb6ec010,0x00000000eb700000)
  to   space 512K, 0% used [0x00000000eb780000,0x00000000eb780000,0x00000000eb800000)
 ParOldGen       total 61952K, used 8K [0x00000000c2200000, 0x00000000c5e80000, 0x00000000eb600000)
  object space 61952K, 0% used [0x00000000c2200000,0x00000000c2202000,0x00000000c5e80000)
 Metaspace       used 3375K, capacity 4508K, committed 4864K, reserved 1056768K
  class space    used 394K, capacity 396K, committed 512K, reserved 1048576K
Event: 326.810 GC heap after
Heap after GC invocations=2 (full 0):
 PSYoungGen      total 1536K, used 496K [0x00000000eb600000, 0x00000000eb800000, 0x0000000100000000)
  eden space 1024K, 0% used [0x00000000eb600000,0x00000000eb600000,0x00000000eb700000)
  from space 512K, 96% used [0x00000000eb780000,0x00000000eb7fc010,0x00000000eb800000)
  to   space 512K, 0% used [0x00000000eb700000,0x00000000eb700000,0x00000000eb780000)
 ParOldGen       total 61952K, used 112K [0x00000000c2200000, 0x00000000c5e80000, 0x00000000eb600000)
  object space 61952K, 0% used [0x00000000c2200000,0x00000000c221c010,0x00000000c5e80000)
 Metaspace       used 3375K, capacity 4508K, committed 4864K, reserved 1056768K
  class space    used 394K, capacity 396K, committed 512K, reserved 1048576K
}
Event: 326.916 GC heap before
{Heap before GC invocations=3 (full 0):
 PSYoungGen      total 1536K, used 1520K [0x00000000eb600000, 0x00000000eb800000, 0x0000000100000000)
  eden space 1024K, 100% used [0x00000000eb600000,0x00000000eb700000,0x00000000eb700000)
  from space 512K, 96% used [0x00000000eb780000,0x00000000eb7fc010,0x00000000eb800000)
  to   space 512K, 0% used [0x00000000eb700000,0x00000000eb700000,0x00000000eb780000)
 ParOldGen       total 61952K, used 112K [0x00000000c2200000, 0x00000000c5e80000, 0x00000000eb600000)
  object space 61952K, 0% used [0x00000000c2200000,0x00000000c221c010,0x00000000c5e80000)
 Metaspace       used 3390K, capacity 4508K, committed 4864K, reserved 1056768K
  class space    used 394K, capacity 396K, committed 512K, reserved 1048576K
Event: 328.594 GC heap after
Heap after GC invocations=3 (full 0):
 PSYoungGen      total 1536K, used 496K [0x00000000eb600000, 0x00000000eb900000, 0x0000000100000000)
  eden space 1024K, 0% used [0x00000000eb600000,0x00000000eb600000,0x00000000eb700000)
  from space 512K, 96% used [0x00000000eb700000,0x00000000eb77c010,0x00000000eb780000)
  to   space 512K, 0% used [0x00000000eb880000,0x00000000eb880000,0x00000000eb900000)
 ParOldGen       total 61952K, used 120K [0x00000000c2200000, 0x00000000c5e80000, 0x00000000eb600000)
  object space 61952K, 0% used [0x00000000c2200000,0x00000000c221e010,0x00000000c5e80000)
 Metaspace       used 3390K, capacity 4508K, committed 4864K, reserved 1056768K
  class space    used 394K, capacity 396K, committed 512K, reserved 1048576K
}

Deoptimization events (0 events):
No events

Internal exceptions (10 events):
Event: 328.659 Thread 0x00000000003bd800 Exception <a 'java/io/IOException'> (0x00000000eb6c4fc0) thrown at [D:\re\workspace\8-2-build-windows-amd64-cygwin\jdk8u5\2488\hotspot\src\share\vm\prims\jni.cpp, line 716]
Event: 328.659 Thread 0x00000000003bd800 Exception <a 'java/io/IOException'> (0x00000000eb6c90e0) thrown at [D:\re\workspace\8-2-build-windows-amd64-cygwin\jdk8u5\2488\hotspot\src\share\vm\prims\jni.cpp, line 716]
Event: 328.660 Thread 0x00000000003bd800 Exception <a 'java/io/IOException'> (0x00000000eb6cd320) thrown at [D:\re\workspace\8-2-build-windows-amd64-cygwin\jdk8u5\2488\hotspot\src\share\vm\prims\jni.cpp, line 716]
Event: 328.660 Thread 0x00000000003bd800 Exception <a 'java/io/IOException'> (0x00000000eb6d1458) thrown at [D:\re\workspace\8-2-build-windows-amd64-cygwin\jdk8u5\2488\hotspot\src\share\vm\prims\jni.cpp, line 716]
Event: 328.660 Thread 0x00000000003bd800 Exception <a 'java/io/IOException'> (0x00000000eb6d5588) thrown at [D:\re\workspace\8-2-build-windows-amd64-cygwin\jdk8u5\2488\hotspot\src\share\vm\prims\jni.cpp, line 716]
Event: 328.660 Thread 0x00000000003bd800 Exception <a 'java/io/IOException'> (0x00000000eb6d8e98) thrown at [D:\re\workspace\8-2-build-windows-amd64-cygwin\jdk8u5\2488\hotspot\src\share\vm\prims\jni.cpp, line 716]
Event: 328.660 Thread 0x00000000003bd800 Exception <a 'java/io/IOException'> (0x00000000eb6dd860) thrown at [D:\re\workspace\8-2-build-windows-amd64-cygwin\jdk8u5\2488\hotspot\src\share\vm\prims\jni.cpp, line 716]
Event: 328.661 Thread 0x00000000003bd800 Exception <a 'java/io/IOException'> (0x00000000eb6e1990) thrown at [D:\re\workspace\8-2-build-windows-amd64-cygwin\jdk8u5\2488\hotspot\src\share\vm\prims\jni.cpp, line 716]
Event: 328.662 Thread 0x00000000003bd800 Exception <a 'java/io/IOException'> (0x00000000eb6e5ad8) thrown at [D:\re\workspace\8-2-build-windows-amd64-cygwin\jdk8u5\2488\hotspot\src\share\vm\prims\jni.cpp, line 716]
Event: 328.663 Thread 0x00000000003bd800 Exception <a 'java/io/IOException'> (0x00000000eb6e9c38) thrown at [D:\re\workspace\8-2-build-windows-amd64-cygwin\jdk8u5\2488\hotspot\src\share\vm\prims\jni.cpp, line 716]

Events (10 events):
Event: 0.535 loading class java/util/regex/Pattern$Single
Event: 0.536 loading class java/util/regex/Pattern$Single done
Event: 4.415 Executing VM operation: EnableBiasedLocking
Event: 4.416 Executing VM operation: EnableBiasedLocking done
Event: 320.031 loading class java/io/InterruptedIOException
Event: 320.031 loading class java/io/InterruptedIOException done
Event: 320.035 Executing VM operation: ParallelGCFailedAllocation
Event: 326.810 Executing VM operation: ParallelGCFailedAllocation done
Event: 326.916 Executing VM operation: ParallelGCFailedAllocation
Event: 328.594 Executing VM operation: ParallelGCFailedAllocation done


Dynamic libraries:
0x000000013f6f0000 - 0x000000013f724000 	E:\Install\eclipse\jre\bin\javaw.exe
0x0000000077a40000 - 0x0000000077be9000 	C:\Windows\SYSTEM32\ntdll.dll
0x0000000077820000 - 0x000000007793f000 	C:\Windows\system32\kernel32.dll
0x000007fefdae0000 - 0x000007fefdb4c000 	C:\Windows\system32\KERNELBASE.dll
0x000007fefe730000 - 0x000007fefe80b000 	C:\Windows\system32\ADVAPI32.dll
0x000007feffcb0000 - 0x000007feffd4f000 	C:\Windows\system32\msvcrt.dll
0x000007fefdcf0000 - 0x000007fefdd0f000 	C:\Windows\SYSTEM32\sechost.dll
0x000007feffb00000 - 0x000007feffc2d000 	C:\Windows\system32\RPCRT4.dll
0x0000000077940000 - 0x0000000077a3a000 	C:\Windows\system32\USER32.dll
0x000007fefed00000 - 0x000007fefed67000 	C:\Windows\system32\GDI32.dll
0x000007fefecf0000 - 0x000007fefecfe000 	C:\Windows\system32\LPK.dll
0x000007fefe2c0000 - 0x000007fefe389000 	C:\Windows\system32\USP10.dll
0x000007fefc260000 - 0x000007fefc45c000 	C:\Windows\WinSxS\amd64_microsoft.windows.common-controls_6595b64144ccf1df_6.0.7601.17514_none_fa396087175ac9ac\COMCTL32.dll
0x000007fefe240000 - 0x000007fefe2b1000 	C:\Windows\system32\SHLWAPI.dll
0x000007fefeab0000 - 0x000007fefeade000 	C:\Windows\system32\IMM32.DLL
0x000007fefe390000 - 0x000007fefe499000 	C:\Windows\system32\MSCTF.dll
0x0000000064080000 - 0x0000000064152000 	E:\Install\eclipse\jre\bin\msvcr100.dll
0x000000005df50000 - 0x000000005e77a000 	E:\Install\eclipse\jre\bin\server\jvm.dll
0x000007feeeea0000 - 0x000007feeeea9000 	C:\Windows\system32\WSOCK32.dll
0x000007fefe4a0000 - 0x000007fefe4ed000 	C:\Windows\system32\WS2_32.dll
0x000007fefe810000 - 0x000007fefe818000 	C:\Windows\system32\NSI.dll
0x000007fef7c80000 - 0x000007fef7cbb000 	C:\Windows\system32\WINMM.dll
0x0000000077c00000 - 0x0000000077c07000 	C:\Windows\system32\PSAPI.DLL
0x00000000654d0000 - 0x00000000654df000 	E:\Install\eclipse\jre\bin\verify.dll
0x00000000654a0000 - 0x00000000654c8000 	E:\Install\eclipse\jre\bin\java.dll
0x0000000065480000 - 0x0000000065496000 	E:\Install\eclipse\jre\bin\zip.dll
0x000007fefed70000 - 0x000007feffaf8000 	C:\Windows\system32\SHELL32.dll
0x000007fefeae0000 - 0x000007fefece3000 	C:\Windows\system32\ole32.dll
0x000007fefd850000 - 0x000007fefd85f000 	C:\Windows\system32\profapi.dll

VM Arguments:
jvm_args: -Dfile.encoding=UTF-8 
java_command: ua.viasat.www.Homework3
java_class_path (initial): C:\Users\Syma\git\study2\bin
Launcher Type: SUN_STANDARD

Environment Variables:
PATH=E:/Install/eclipse/jre/bin/server;E:/Install/eclipse/jre/bin;E:/Install/eclipse/jre/lib/amd64;C:\Windows\system32;C:\Windows;C:\Windows\System32\Wbem;C:\Windows\System32\WindowsPowerShell\v1.0\;C:\Program Files (x86)\ATI Technologies\ATI.ACE\Core-Static;E:\Install\eclipse;
USERNAME=Syma
OS=Windows_NT
PROCESSOR_IDENTIFIER=Intel64 Family 6 Model 37 Stepping 5, GenuineIntel



---------------  S Y S T E M  ---------------

OS: Windows 7 , 64 bit Build 7601 Service Pack 1

CPU:total 4 (2 cores per cpu, 2 threads per core) family 6 model 37 stepping 5, cmov, cx8, fxsr, mmx, sse, sse2, sse3, ssse3, sse4.1, sse4.2, popcnt, ht, tsc, tscinvbit

Memory: 4k page, physical 4051480k(391836k free), swap 16204056k(3404k free)

vm_info: Java HotSpot(TM) 64-Bit Server VM (25.5-b02) for windows-amd64 JRE (1.8.0_05-b13), built on Mar 18 2014 01:08:39 by "java_re" with MS VC++ 10.0 (VS2010)

time: Sun Sep 14 17:12:01 2014
elapsed time: 336 seconds

