#
# There is insufficient memory for the Java Runtime Environment to continue.
# Native memory allocation (malloc) failed to allocate 36976 bytes for Chunk::new
# Possible reasons:
#   The system is out of physical RAM or swap space
#   In 32 bit mode, the process size limit was hit
# Possible solutions:
#   Reduce memory load on the system
#   Increase physical memory or swap space
#   Check if swap backing store is full
#   Use 64 bit Java on a 64 bit OS
#   Decrease Java heap size (-Xmx/-Xms)
#   Decrease number of Java threads
#   Decrease Java thread stack sizes (-Xss)
#   Set larger code cache with -XX:ReservedCodeCacheSize=
# This output file may be truncated or incomplete.
#
#  Out of Memory Error (allocation.cpp:388), pid=11508, tid=11572
#
# JRE version: Java(TM) SE Runtime Environment (8.0_05-b13) (build 1.8.0_05-b13)
# Java VM: Java HotSpot(TM) 64-Bit Server VM (25.5-b02 mixed mode windows-amd64 compressed oops)
# Failed to write core dump. Minidumps are not enabled by default on client versions of Windows
#

---------------  T H R E A D  ---------------

Current thread (0x0000000054f82000):  JavaThread "C2 CompilerThread0" daemon [_thread_in_native, id=11572, stack(0x0000000056720000,0x0000000056820000)]

Stack: [0x0000000056720000,0x0000000056820000],  sp=0x0000000054590410,  free space=18014398509447617k
Native frames: (J=compiled Java code, j=interpreted, Vv=VM code, C=native code)
V  [jvm.dll+0x308dea]


Current CompileTask:
C2: 327444  331       4       java.util.regex.Pattern::RemoveQEQuoting (346 bytes)


---------------  P R O C E S S  ---------------

Java Threads: ( => current thread )
  0x0000000054f8f800 JavaThread "Service Thread" daemon [_thread_blocked, id=11584, stack(0x0000000056ef0000,0x0000000056ff0000)]
  0x0000000056830800 JavaThread "C1 CompilerThread2" daemon [_thread_blocked, id=11580, stack(0x0000000056c30000,0x0000000056d30000)]
  0x0000000054f89800 JavaThread "C2 CompilerThread1" daemon [_thread_in_native, id=11576, stack(0x0000000056350000,0x0000000056450000)]
=>0x0000000054f82000 JavaThread "C2 CompilerThread0" daemon [_thread_in_native, id=11572, stack(0x0000000056720000,0x0000000056820000)]
  0x0000000054f80800 JavaThread "Attach Listener" daemon [_thread_blocked, id=11568, stack(0x0000000056620000,0x0000000056720000)]
  0x0000000054f7d800 JavaThread "Signal Dispatcher" daemon [_thread_blocked, id=11564, stack(0x00000000564f0000,0x00000000565f0000)]
  0x0000000054f22000 JavaThread "Finalizer" daemon [_thread_blocked, id=11560, stack(0x0000000055f90000,0x0000000056090000)]
  0x0000000054f18800 JavaThread "Reference Handler" daemon [_thread_blocked, id=11556, stack(0x0000000056250000,0x0000000056350000)]
  0x000000000227d800 JavaThread "main" [_thread_blocked, id=11532, stack(0x0000000002530000,0x0000000002630000)]

Other Threads:
  0x0000000054f15000 VMThread [stack: 0x0000000056140000,0x0000000056240000] [id=11552]
  0x000000005688a800 WatcherThread [stack: 0x00000000570f0000,0x00000000571f0000] [id=11588]

VM state:at safepoint (normal execution)

VM Mutex/Monitor currently owned by a thread:  ([mutex/lock_event])
[0x000000000227b920] Threads_lock - owner thread: 0x0000000054f15000
[0x000000000227be20] Heap_lock - owner thread: 0x000000000227d800

Heap:
 PSYoungGen      total 14336K, used 13344K [0x00000000eb600000, 0x00000000ec500000, 0x0000000100000000)
  eden space 13312K, 100% used [0x00000000eb600000,0x00000000ec300000,0x00000000ec300000)
  from space 1024K, 3% used [0x00000000ec300000,0x00000000ec308000,0x00000000ec400000)
  to   space 1024K, 0% used [0x00000000ec400000,0x00000000ec400000,0x00000000ec500000)
 ParOldGen       total 61952K, used 696K [0x00000000c2200000, 0x00000000c5e80000, 0x00000000eb600000)
  object space 61952K, 1% used [0x00000000c2200000,0x00000000c22ae050,0x00000000c5e80000)
 Metaspace       used 3535K, capacity 4508K, committed 4864K, reserved 1056768K
  class space    used 394K, capacity 396K, committed 512K, reserved 1048576K

Card table byte_map: [0x0000000011cc0000,0x0000000011eb0000] byte_map_base: 0x00000000116af000

Marking Bits: (ParMarkBitMap*) 0x000000005e7013b0
 Begin Bits: [0x00000000124b0000, 0x0000000013428000)
 End Bits:   [0x0000000013428000, 0x00000000143a0000)

Polling page: 0x0000000000420000

CodeCache: size=245760Kb used=2036Kb max_used=2048Kb free=243723Kb
 bounds [0x0000000002900000, 0x0000000002b70000, 0x0000000011900000]
 total_blobs=580 nmethods=332 adapters=163
 compilation: enabled

Compilation events (10 events):
Event: 317.805 Thread 0x0000000054f82000 nmethod 328 0x0000000002af07d0 code [0x0000000002af0980, 0x0000000002af10c8]
Event: 317.805 Thread 0x0000000054f82000  327       4       java.util.regex.Matcher::region (76 bytes)
Event: 317.809 Thread 0x0000000054f82000 nmethod 327 0x0000000002af1690 code [0x0000000002af17e0, 0x0000000002af19b8]
Event: 317.811 Thread 0x0000000054f89800 nmethod 326 0x0000000002b02610 code [0x0000000002b028a0, 0x0000000002b03598]
Event: 317.923 Thread 0x0000000054f82000  329       4       java.util.regex.Pattern$CharProperty::match (56 bytes)
Event: 317.925 Thread 0x0000000054f82000 nmethod 329 0x0000000002af5590 code [0x0000000002af56e0, 0x0000000002af5818]
Event: 318.779 Thread 0x0000000054f89800  330       4       java.lang.Character::codePointAtImpl (41 bytes)
Event: 318.781 Thread 0x0000000054f89800 nmethod 330 0x0000000002af51d0 code [0x0000000002af5320, 0x0000000002af5438]
Event: 318.789 Thread 0x0000000054f82000  331       4       java.util.regex.Pattern::RemoveQEQuoting (346 bytes)
Event: 318.789 Thread 0x0000000054f89800  332       4       java.util.regex.Pattern::append (39 bytes)

GC Heap History (10 events):
Event: 313.537 GC heap before
{Heap before GC invocations=7 (full 0):
 PSYoungGen      total 5120K, used 4608K [0x00000000eb600000, 0x00000000ebc00000, 0x0000000100000000)
  eden space 4096K, 100% used [0x00000000eb600000,0x00000000eba00000,0x00000000eba00000)
  from space 1024K, 50% used [0x00000000ebb00000,0x00000000ebb80020,0x00000000ebc00000)
  to   space 1024K, 0% used [0x00000000eba00000,0x00000000eba00000,0x00000000ebb00000)
 ParOldGen       total 61952K, used 144K [0x00000000c2200000, 0x00000000c5e80000, 0x00000000eb600000)
  object space 61952K, 0% used [0x00000000c2200000,0x00000000c2224010,0x00000000c5e80000)
 Metaspace       used 3532K, capacity 4508K, committed 4864K, reserved 1056768K
  class space    used 394K, capacity 396K, committed 512K, reserved 1048576K
Event: 314.000 GC heap after
Heap after GC invocations=7 (full 0):
 PSYoungGen      total 5120K, used 32K [0x00000000eb600000, 0x00000000ec000000, 0x0000000100000000)
  eden space 4096K, 0% used [0x00000000eb600000,0x00000000eb600000,0x00000000eba00000)
  from space 1024K, 3% used [0x00000000eba00000,0x00000000eba08000,0x00000000ebb00000)
  to   space 1024K, 0% used [0x00000000ebf00000,0x00000000ebf00000,0x00000000ec000000)
 ParOldGen       total 61952K, used 632K [0x00000000c2200000, 0x00000000c5e80000, 0x00000000eb600000)
  object space 61952K, 1% used [0x00000000c2200000,0x00000000c229e050,0x00000000c5e80000)
 Metaspace       used 3532K, capacity 4508K, committed 4864K, reserved 1056768K
  class space    used 394K, capacity 396K, committed 512K, reserved 1048576K
}
Event: 314.063 GC heap before
{Heap before GC invocations=8 (full 0):
 PSYoungGen      total 5120K, used 4128K [0x00000000eb600000, 0x00000000ec000000, 0x0000000100000000)
  eden space 4096K, 100% used [0x00000000eb600000,0x00000000eba00000,0x00000000eba00000)
  from space 1024K, 3% used [0x00000000eba00000,0x00000000eba08000,0x00000000ebb00000)
  to   space 1024K, 0% used [0x00000000ebf00000,0x00000000ebf00000,0x00000000ec000000)
 ParOldGen       total 61952K, used 632K [0x00000000c2200000, 0x00000000c5e80000, 0x00000000eb600000)
  object space 61952K, 1% used [0x00000000c2200000,0x00000000c229e050,0x00000000c5e80000)
 Metaspace       used 3535K, capacity 4508K, committed 4864K, reserved 1056768K
  class space    used 394K, capacity 396K, committed 512K, reserved 1048576K
Event: 314.809 GC heap after
Heap after GC invocations=8 (full 0):
 PSYoungGen      total 9216K, used 32K [0x00000000eb600000, 0x00000000ec000000, 0x0000000100000000)
  eden space 8192K, 0% used [0x00000000eb600000,0x00000000eb600000,0x00000000ebe00000)
  from space 1024K, 3% used [0x00000000ebf00000,0x00000000ebf08000,0x00000000ec000000)
  to   space 1024K, 0% used [0x00000000ebe00000,0x00000000ebe00000,0x00000000ebf00000)
 ParOldGen       total 61952K, used 640K [0x00000000c2200000, 0x00000000c5e80000, 0x00000000eb600000)
  object space 61952K, 1% used [0x00000000c2200000,0x00000000c22a0050,0x00000000c5e80000)
 Metaspace       used 3535K, capacity 4508K, committed 4864K, reserved 1056768K
  class space    used 394K, capacity 396K, committed 512K, reserved 1048576K
}
Event: 314.990 GC heap before
{Heap before GC invocations=9 (full 0):
 PSYoungGen      total 9216K, used 8224K [0x00000000eb600000, 0x00000000ec000000, 0x0000000100000000)
  eden space 8192K, 100% used [0x00000000eb600000,0x00000000ebe00000,0x00000000ebe00000)
  from space 1024K, 3% used [0x00000000ebf00000,0x00000000ebf08000,0x00000000ec000000)
  to   space 1024K, 0% used [0x00000000ebe00000,0x00000000ebe00000,0x00000000ebf00000)
 ParOldGen       total 61952K, used 640K [0x00000000c2200000, 0x00000000c5e80000, 0x00000000eb600000)
  object space 61952K, 1% used [0x00000000c2200000,0x00000000c22a0050,0x00000000c5e80000)
 Metaspace       used 3535K, capacity 4508K, committed 4864K, reserved 1056768K
  class space    used 394K, capacity 396K, committed 512K, reserved 1048576K
Event: 315.869 GC heap after
Heap after GC invocations=9 (full 0):
 PSYoungGen      total 9216K, used 96K [0x00000000eb600000, 0x00000000ec500000, 0x0000000100000000)
  eden space 8192K, 0% used [0x00000000eb600000,0x00000000eb600000,0x00000000ebe00000)
  from space 1024K, 9% used [0x00000000ebe00000,0x00000000ebe18000,0x00000000ebf00000)
  to   space 1024K, 0% used [0x00000000ec400000,0x00000000ec400000,0x00000000ec500000)
 ParOldGen       total 61952K, used 656K [0x00000000c2200000, 0x00000000c5e80000, 0x00000000eb600000)
  object space 61952K, 1% used [0x00000000c2200000,0x00000000c22a4050,0x00000000c5e80000)
 Metaspace       used 3535K, capacity 4508K, committed 4864K, reserved 1056768K
  class space    used 394K, capacity 396K, committed 512K, reserved 1048576K
}
Event: 316.247 GC heap before
{Heap before GC invocations=10 (full 0):
 PSYoungGen      total 9216K, used 8288K [0x00000000eb600000, 0x00000000ec500000, 0x0000000100000000)
  eden space 8192K, 100% used [0x00000000eb600000,0x00000000ebe00000,0x00000000ebe00000)
  from space 1024K, 9% used [0x00000000ebe00000,0x00000000ebe18000,0x00000000ebf00000)
  to   space 1024K, 0% used [0x00000000ec400000,0x00000000ec400000,0x00000000ec500000)
 ParOldGen       total 61952K, used 656K [0x00000000c2200000, 0x00000000c5e80000, 0x00000000eb600000)
  object space 61952K, 1% used [0x00000000c2200000,0x00000000c22a4050,0x00000000c5e80000)
 Metaspace       used 3535K, capacity 4508K, committed 4864K, reserved 1056768K
  class space    used 394K, capacity 396K, committed 512K, reserved 1048576K
Event: 317.175 GC heap after
Heap after GC invocations=10 (full 0):
 PSYoungGen      total 14336K, used 32K [0x00000000eb600000, 0x00000000ec500000, 0x0000000100000000)
  eden space 13312K, 0% used [0x00000000eb600000,0x00000000eb600000,0x00000000ec300000)
  from space 1024K, 3% used [0x00000000ec400000,0x00000000ec408000,0x00000000ec500000)
  to   space 1024K, 0% used [0x00000000ec300000,0x00000000ec300000,0x00000000ec400000)
 ParOldGen       total 61952K, used 664K [0x00000000c2200000, 0x00000000c5e80000, 0x00000000eb600000)
  object space 61952K, 1% used [0x00000000c2200000,0x00000000c22a6050,0x00000000c5e80000)
 Metaspace       used 3535K, capacity 4508K, committed 4864K, reserved 1056768K
  class space    used 394K, capacity 396K, committed 512K, reserved 1048576K
}
Event: 317.943 GC heap before
{Heap before GC invocations=11 (full 0):
 PSYoungGen      total 14336K, used 13344K [0x00000000eb600000, 0x00000000ec500000, 0x0000000100000000)
  eden space 13312K, 100% used [0x00000000eb600000,0x00000000ec300000,0x00000000ec300000)
  from space 1024K, 3% used [0x00000000ec400000,0x00000000ec408000,0x00000000ec500000)
  to   space 1024K, 0% used [0x00000000ec300000,0x00000000ec300000,0x00000000ec400000)
 ParOldGen       total 61952K, used 664K [0x00000000c2200000, 0x00000000c5e80000, 0x00000000eb600000)
  object space 61952K, 1% used [0x00000000c2200000,0x00000000c22a6050,0x00000000c5e80000)
 Metaspace       used 3535K, capacity 4508K, committed 4864K, reserved 1056768K
  class space    used 394K, capacity 396K, committed 512K, reserved 1048576K
Event: 318.779 GC heap after
Heap after GC invocations=11 (full 0):
 PSYoungGen      total 14336K, used 32K [0x00000000eb600000, 0x00000000ec500000, 0x0000000100000000)
  eden space 13312K, 0% used [0x00000000eb600000,0x00000000eb600000,0x00000000ec300000)
  from space 1024K, 3% used [0x00000000ec300000,0x00000000ec308000,0x00000000ec400000)
  to   space 1024K, 0% used [0x00000000ec400000,0x00000000ec400000,0x00000000ec500000)
 ParOldGen       total 61952K, used 672K [0x00000000c2200000, 0x00000000c5e80000, 0x00000000eb600000)
  object space 61952K, 1% used [0x00000000c2200000,0x00000000c22a8050,0x00000000c5e80000)
 Metaspace       used 3535K, capacity 4508K, committed 4864K, reserved 1056768K
  class space    used 394K, capacity 396K, committed 512K, reserved 1048576K
}

Deoptimization events (0 events):
No events

Internal exceptions (10 events):
Event: 318.790 Thread 0x000000000227d800 Exception <a 'java/io/IOException'> (0x00000000eb7e0288) thrown at [D:\re\workspace\8-2-build-windows-amd64-cygwin\jdk8u5\2488\hotspot\src\share\vm\prims\jni.cpp, line 716]
Event: 318.790 Thread 0x000000000227d800 Exception <a 'java/io/IOException'> (0x00000000eb7e43a8) thrown at [D:\re\workspace\8-2-build-windows-amd64-cygwin\jdk8u5\2488\hotspot\src\share\vm\prims\jni.cpp, line 716]
Event: 318.790 Thread 0x000000000227d800 Exception <a 'java/io/IOException'> (0x00000000eb7e84c8) thrown at [D:\re\workspace\8-2-build-windows-amd64-cygwin\jdk8u5\2488\hotspot\src\share\vm\prims\jni.cpp, line 716]
Event: 318.790 Thread 0x000000000227d800 Exception <a 'java/io/IOException'> (0x00000000eb7ec5e8) thrown at [D:\re\workspace\8-2-build-windows-amd64-cygwin\jdk8u5\2488\hotspot\src\share\vm\prims\jni.cpp, line 716]
Event: 318.790 Thread 0x000000000227d800 Exception <a 'java/io/IOException'> (0x00000000eb7f0708) thrown at [D:\re\workspace\8-2-build-windows-amd64-cygwin\jdk8u5\2488\hotspot\src\share\vm\prims\jni.cpp, line 716]
Event: 318.790 Thread 0x000000000227d800 Exception <a 'java/io/IOException'> (0x00000000eb7f4828) thrown at [D:\re\workspace\8-2-build-windows-amd64-cygwin\jdk8u5\2488\hotspot\src\share\vm\prims\jni.cpp, line 716]
Event: 318.790 Thread 0x000000000227d800 Exception <a 'java/io/IOException'> (0x00000000eb7f8948) thrown at [D:\re\workspace\8-2-build-windows-amd64-cygwin\jdk8u5\2488\hotspot\src\share\vm\prims\jni.cpp, line 716]
Event: 318.790 Thread 0x000000000227d800 Exception <a 'java/io/IOException'> (0x00000000eb7fca68) thrown at [D:\re\workspace\8-2-build-windows-amd64-cygwin\jdk8u5\2488\hotspot\src\share\vm\prims\jni.cpp, line 716]
Event: 318.790 Thread 0x000000000227d800 Exception <a 'java/io/IOException'> (0x00000000eb800b88) thrown at [D:\re\workspace\8-2-build-windows-amd64-cygwin\jdk8u5\2488\hotspot\src\share\vm\prims\jni.cpp, line 716]
Event: 318.790 Thread 0x000000000227d800 Exception <a 'java/io/IOException'> (0x00000000eb804ca8) thrown at [D:\re\workspace\8-2-build-windows-amd64-cygwin\jdk8u5\2488\hotspot\src\share\vm\prims\jni.cpp, line 716]

Events (10 events):
Event: 313.537 Executing VM operation: ParallelGCFailedAllocation
Event: 314.000 Executing VM operation: ParallelGCFailedAllocation done
Event: 314.062 Executing VM operation: ParallelGCFailedAllocation
Event: 314.809 Executing VM operation: ParallelGCFailedAllocation done
Event: 314.990 Executing VM operation: ParallelGCFailedAllocation
Event: 315.869 Executing VM operation: ParallelGCFailedAllocation done
Event: 316.247 Executing VM operation: ParallelGCFailedAllocation
Event: 317.175 Executing VM operation: ParallelGCFailedAllocation done
Event: 317.943 Executing VM operation: ParallelGCFailedAllocation
Event: 318.779 Executing VM operation: ParallelGCFailedAllocation done


Dynamic libraries:
0x000000013f6f0000 - 0x000000013f724000 	E:\Install\eclipse\jre\bin\javaw.exe
0x0000000077a40000 - 0x0000000077be9000 	C:\Windows\SYSTEM32\ntdll.dll
0x0000000077820000 - 0x000000007793f000 	C:\Windows\system32\kernel32.dll
0x000007fefdae0000 - 0x000007fefdb4c000 	C:\Windows\system32\KERNELBASE.dll
0x000007fefe730000 - 0x000007fefe80b000 	C:\Windows\system32\ADVAPI32.dll
0x000007feffcb0000 - 0x000007feffd4f000 	C:\Windows\system32\msvcrt.dll
0x000007fefdcf0000 - 0x000007fefdd0f000 	C:\Windows\SYSTEM32\sechost.dll
0x000007feffb00000 - 0x000007feffc2d000 	C:\Windows\system32\RPCRT4.dll
0x0000000077940000 - 0x0000000077a3a000 	C:\Windows\system32\USER32.dll
0x000007fefed00000 - 0x000007fefed67000 	C:\Windows\system32\GDI32.dll
0x000007fefecf0000 - 0x000007fefecfe000 	C:\Windows\system32\LPK.dll
0x000007fefe2c0000 - 0x000007fefe389000 	C:\Windows\system32\USP10.dll
0x000007fefc260000 - 0x000007fefc45c000 	C:\Windows\WinSxS\amd64_microsoft.windows.common-controls_6595b64144ccf1df_6.0.7601.17514_none_fa396087175ac9ac\COMCTL32.dll
0x000007fefe240000 - 0x000007fefe2b1000 	C:\Windows\system32\SHLWAPI.dll
0x000007fefeab0000 - 0x000007fefeade000 	C:\Windows\system32\IMM32.DLL
0x000007fefe390000 - 0x000007fefe499000 	C:\Windows\system32\MSCTF.dll
0x0000000064080000 - 0x0000000064152000 	E:\Install\eclipse\jre\bin\msvcr100.dll
0x000000005df50000 - 0x000000005e77a000 	E:\Install\eclipse\jre\bin\server\jvm.dll
0x000007feeeea0000 - 0x000007feeeea9000 	C:\Windows\system32\WSOCK32.dll
0x000007fefe4a0000 - 0x000007fefe4ed000 	C:\Windows\system32\WS2_32.dll
0x000007fefe810000 - 0x000007fefe818000 	C:\Windows\system32\NSI.dll
0x000007fef7c80000 - 0x000007fef7cbb000 	C:\Windows\system32\WINMM.dll
0x0000000077c00000 - 0x0000000077c07000 	C:\Windows\system32\PSAPI.DLL
0x00000000654d0000 - 0x00000000654df000 	E:\Install\eclipse\jre\bin\verify.dll
0x00000000654a0000 - 0x00000000654c8000 	E:\Install\eclipse\jre\bin\java.dll
0x0000000065480000 - 0x0000000065496000 	E:\Install\eclipse\jre\bin\zip.dll
0x000007fefed70000 - 0x000007feffaf8000 	C:\Windows\system32\SHELL32.dll
0x000007fefeae0000 - 0x000007fefece3000 	C:\Windows\system32\ole32.dll
0x000007fefd850000 - 0x000007fefd85f000 	C:\Windows\system32\profapi.dll

VM Arguments:
jvm_args: -Dfile.encoding=UTF-8 
java_command: ua.viasat.www.Homework3
java_class_path (initial): C:\Users\Syma\git\study2\bin
Launcher Type: SUN_STANDARD

Environment Variables:
PATH=E:/Install/eclipse/jre/bin/server;E:/Install/eclipse/jre/bin;E:/Install/eclipse/jre/lib/amd64;C:\Windows\system32;C:\Windows;C:\Windows\System32\Wbem;C:\Windows\System32\WindowsPowerShell\v1.0\;C:\Program Files (x86)\ATI Technologies\ATI.ACE\Core-Static;E:\Install\eclipse;
USERNAME=Syma
OS=Windows_NT
PROCESSOR_IDENTIFIER=Intel64 Family 6 Model 37 Stepping 5, GenuineIntel



---------------  S Y S T E M  ---------------

OS: Windows 7 , 64 bit Build 7601 Service Pack 1

CPU:total 4 (2 cores per cpu, 2 threads per core) family 6 model 37 stepping 5, cmov, cx8, fxsr, mmx, sse, sse2, sse3, ssse3, sse4.1, sse4.2, popcnt, ht, tsc, tscinvbit

Memory: 4k page, physical 4051480k(397308k free), swap 16204056k(548k free)

vm_info: Java HotSpot(TM) 64-Bit Server VM (25.5-b02) for windows-amd64 JRE (1.8.0_05-b13), built on Mar 18 2014 01:08:39 by "java_re" with MS VC++ 10.0 (VS2010)

time: Sun Sep 14 17:12:03 2014
elapsed time: 327 seconds

