#
# There is insufficient memory for the Java Runtime Environment to continue.
# Native memory allocation (malloc) failed to allocate 34896 bytes for Chunk::new
# Possible reasons:
#   The system is out of physical RAM or swap space
#   In 32 bit mode, the process size limit was hit
# Possible solutions:
#   Reduce memory load on the system
#   Increase physical memory or swap space
#   Check if swap backing store is full
#   Use 64 bit Java on a 64 bit OS
#   Decrease Java heap size (-Xmx/-Xms)
#   Decrease number of Java threads
#   Decrease Java thread stack sizes (-Xss)
#   Set larger code cache with -XX:ReservedCodeCacheSize=
# This output file may be truncated or incomplete.
#
#  Out of Memory Error (allocation.cpp:388), pid=10484, tid=10244
#
# JRE version: Java(TM) SE Runtime Environment (8.0_05-b13) (build 1.8.0_05-b13)
# Java VM: Java HotSpot(TM) 64-Bit Server VM (25.5-b02 mixed mode windows-amd64 compressed oops)
# Failed to write core dump. Minidumps are not enabled by default on client versions of Windows
#

---------------  T H R E A D  ---------------

Current thread (0x0000000055072000):  JavaThread "C2 CompilerThread0" daemon [_thread_in_native, id=10244, stack(0x00000000563e0000,0x00000000564e0000)]

Stack: [0x00000000563e0000,0x00000000564e0000]
Native frames: (J=compiled Java code, j=interpreted, Vv=VM code, C=native code)
V  [jvm.dll+0x308dea]


Current CompileTask:
C2: 330195  220       4       java.util.regex.Matcher::usePattern (98 bytes)


---------------  P R O C E S S  ---------------

Java Threads: ( => current thread )
  0x000000005678e000 JavaThread "Service Thread" daemon [_thread_blocked, id=10272, stack(0x0000000056dd0000,0x0000000056ed0000)]
  0x000000005507e000 JavaThread "C1 CompilerThread2" daemon [_thread_blocked, id=10812, stack(0x0000000056bb0000,0x0000000056cb0000)]
  0x0000000055079800 JavaThread "C2 CompilerThread1" daemon [_thread_blocked, id=10756, stack(0x0000000056630000,0x0000000056730000)]
=>0x0000000055072000 JavaThread "C2 CompilerThread0" daemon [_thread_in_native, id=10244, stack(0x00000000563e0000,0x00000000564e0000)]
  0x0000000055070800 JavaThread "Attach Listener" daemon [_thread_blocked, id=10996, stack(0x0000000056530000,0x0000000056630000)]
  0x000000005506d800 JavaThread "Signal Dispatcher" daemon [_thread_blocked, id=9616, stack(0x0000000056280000,0x0000000056380000)]
  0x000000005500c800 JavaThread "Finalizer" daemon [_thread_blocked, id=9360, stack(0x0000000056160000,0x0000000056260000)]
  0x0000000055008800 JavaThread "Reference Handler" daemon [_thread_blocked, id=4604, stack(0x0000000055ed0000,0x0000000055fd0000)]
  0x0000000001d2d800 JavaThread "main" [_thread_blocked, id=11192, stack(0x0000000002530000,0x0000000002630000)]

Other Threads:
  0x0000000055005000 VMThread [stack: 0x0000000056020000,0x0000000056120000] [id=9356]
  0x0000000056792800 WatcherThread [stack: 0x0000000057090000,0x0000000057190000] [id=10456]

VM state:at safepoint (normal execution)

VM Mutex/Monitor currently owned by a thread:  ([mutex/lock_event])
[0x0000000001d2b920] Threads_lock - owner thread: 0x0000000055005000
[0x0000000001d2be20] Heap_lock - owner thread: 0x0000000001d2d800

Heap:
 PSYoungGen      total 3072K, used 2560K [0x00000000eb600000, 0x00000000eba00000, 0x0000000100000000)
  eden space 2048K, 100% used [0x00000000eb600000,0x00000000eb800000,0x00000000eb800000)
  from space 1024K, 50% used [0x00000000eb900000,0x00000000eb980000,0x00000000eba00000)
  to   space 1024K, 6% used [0x00000000eb800000,0x00000000eb810000,0x00000000eb900000)
 ParOldGen       total 61952K, used 628K [0x00000000c2200000, 0x00000000c5e80000, 0x00000000eb600000)
  object space 61952K, 1% used [0x00000000c2200000,0x00000000c229d060,0x00000000c5e80000)
 Metaspace       used 3496K, capacity 4508K, committed 4864K, reserved 1056768K
  class space    used 394K, capacity 396K, committed 512K, reserved 1048576K

Card table byte_map: [0x0000000011cc0000,0x0000000011eb0000] byte_map_base: 0x00000000116af000

Marking Bits: (ParMarkBitMap*) 0x000000005e7013b0
 Begin Bits: [0x00000000125a0000, 0x0000000013518000)
 End Bits:   [0x0000000013518000, 0x0000000014490000)

Polling page: 0x00000000006b0000

CodeCache: size=245760Kb used=1693Kb max_used=1700Kb free=244066Kb
 bounds [0x0000000002900000, 0x0000000002b70000, 0x0000000011900000]
 total_blobs=467 nmethods=219 adapters=163
 compilation: enabled

Compilation events (10 events):
Event: 326.492 Thread 0x000000005507e000 nmethod 209 0x0000000002aa5210 code [0x0000000002aa53a0, 0x0000000002aa57f8]
Event: 326.492 Thread 0x000000005507e000  210       3       java.util.regex.Matcher::<init> (84 bytes)
Event: 326.493 Thread 0x000000005507e000 nmethod 210 0x0000000002aa5910 code [0x0000000002aa5aa0, 0x0000000002aa5f48]
Event: 326.496 Thread 0x0000000055079800  217       4       java.util.Arrays::copyOfRange (63 bytes)
Event: 326.500 Thread 0x0000000055079800 nmethod 217 0x0000000002aa8ed0 code [0x0000000002aa9020, 0x0000000002aa9218]
Event: 326.500 Thread 0x0000000055079800  218       4       java.util.concurrent.ConcurrentHashMap::get (162 bytes)
Event: 326.502 Thread 0x000000005507e000  219       3       java.util.Locale::equals (75 bytes)
Event: 326.502 Thread 0x000000005507e000 nmethod 219 0x0000000002aa8350 code [0x0000000002aa8500, 0x0000000002aa8d18]
Event: 326.503 Thread 0x0000000055072000  220       4       java.util.regex.Matcher::usePattern (98 bytes)
Event: 326.504 Thread 0x000000005507e000  222       3       java.lang.ThreadLocal$ThreadLocalMap::getEntry (42 bytes)

GC Heap History (10 events):
Event: 317.740 GC heap before
{Heap before GC invocations=2 (full 0):
 PSYoungGen      total 1024K, used 956K [0x00000000eb600000, 0x00000000eb780000, 0x0000000100000000)
  eden space 512K, 99% used [0x00000000eb600000,0x00000000eb67f0d8,0x00000000eb680000)
  from space 512K, 87% used [0x00000000eb680000,0x00000000eb6f0020,0x00000000eb700000)
  to   space 512K, 0% used [0x00000000eb700000,0x00000000eb700000,0x00000000eb780000)
 ParOldGen       total 61952K, used 8K [0x00000000c2200000, 0x00000000c5e80000, 0x00000000eb600000)
  object space 61952K, 0% used [0x00000000c2200000,0x00000000c2202000,0x00000000c5e80000)
 Metaspace       used 3376K, capacity 4508K, committed 4864K, reserved 1056768K
  class space    used 394K, capacity 396K, committed 512K, reserved 1048576K
Event: 321.688 GC heap after
Heap after GC invocations=2 (full 0):
 PSYoungGen      total 1024K, used 496K [0x00000000eb600000, 0x00000000eb800000, 0x0000000100000000)
  eden space 512K, 0% used [0x00000000eb600000,0x00000000eb600000,0x00000000eb680000)
  from space 512K, 96% used [0x00000000eb700000,0x00000000eb77c010,0x00000000eb780000)
  to   space 512K, 0% used [0x00000000eb680000,0x00000000eb680000,0x00000000eb700000)
 ParOldGen       total 61952K, used 112K [0x00000000c2200000, 0x00000000c5e80000, 0x00000000eb600000)
  object space 61952K, 0% used [0x00000000c2200000,0x00000000c221c010,0x00000000c5e80000)
 Metaspace       used 3376K, capacity 4508K, committed 4864K, reserved 1056768K
  class space    used 394K, capacity 396K, committed 512K, reserved 1048576K
}
Event: 321.722 GC heap before
{Heap before GC invocations=3 (full 0):
 PSYoungGen      total 1024K, used 1006K [0x00000000eb600000, 0x00000000eb800000, 0x0000000100000000)
  eden space 512K, 99% used [0x00000000eb600000,0x00000000eb67f808,0x00000000eb680000)
  from space 512K, 96% used [0x00000000eb700000,0x00000000eb77c010,0x00000000eb780000)
  to   space 512K, 0% used [0x00000000eb680000,0x00000000eb680000,0x00000000eb700000)
 ParOldGen       total 61952K, used 112K [0x00000000c2200000, 0x00000000c5e80000, 0x00000000eb600000)
  object space 61952K, 0% used [0x00000000c2200000,0x00000000c221c010,0x00000000c5e80000)
 Metaspace       used 3381K, capacity 4508K, committed 4864K, reserved 1056768K
  class space    used 394K, capacity 396K, committed 512K, reserved 1048576K
Event: 322.222 GC heap after
Heap after GC invocations=3 (full 0):
 PSYoungGen      total 1024K, used 496K [0x00000000eb600000, 0x00000000eb800000, 0x0000000100000000)
  eden space 512K, 0% used [0x00000000eb600000,0x00000000eb600000,0x00000000eb680000)
  from space 512K, 96% used [0x00000000eb680000,0x00000000eb6fc010,0x00000000eb700000)
  to   space 512K, 0% used [0x00000000eb780000,0x00000000eb780000,0x00000000eb800000)
 ParOldGen       total 61952K, used 120K [0x00000000c2200000, 0x00000000c5e80000, 0x00000000eb600000)
  object space 61952K, 0% used [0x00000000c2200000,0x00000000c221e010,0x00000000c5e80000)
 Metaspace       used 3381K, capacity 4508K, committed 4864K, reserved 1056768K
  class space    used 394K, capacity 396K, committed 512K, reserved 1048576K
}
Event: 322.265 GC heap before
{Heap before GC invocations=4 (full 0):
 PSYoungGen      total 1024K, used 1008K [0x00000000eb600000, 0x00000000eb800000, 0x0000000100000000)
  eden space 512K, 100% used [0x00000000eb600000,0x00000000eb680000,0x00000000eb680000)
  from space 512K, 96% used [0x00000000eb680000,0x00000000eb6fc010,0x00000000eb700000)
  to   space 512K, 0% used [0x00000000eb780000,0x00000000eb780000,0x00000000eb800000)
 ParOldGen       total 61952K, used 120K [0x00000000c2200000, 0x00000000c5e80000, 0x00000000eb600000)
  object space 61952K, 0% used [0x00000000c2200000,0x00000000c221e010,0x00000000c5e80000)
 Metaspace       used 3386K, capacity 4508K, committed 4864K, reserved 1056768K
  class space    used 394K, capacity 396K, committed 512K, reserved 1048576K
Event: 323.443 GC heap after
Heap after GC invocations=4 (full 0):
 PSYoungGen      total 1536K, used 512K [0x00000000eb600000, 0x00000000eb800000, 0x0000000100000000)
  eden space 1024K, 0% used [0x00000000eb600000,0x00000000eb600000,0x00000000eb700000)
  from space 512K, 100% used [0x00000000eb780000,0x00000000eb800000,0x00000000eb800000)
  to   space 512K, 0% used [0x00000000eb700000,0x00000000eb700000,0x00000000eb780000)
 ParOldGen       total 61952K, used 120K [0x00000000c2200000, 0x00000000c5e80000, 0x00000000eb600000)
  object space 61952K, 0% used [0x00000000c2200000,0x00000000c221e010,0x00000000c5e80000)
 Metaspace       used 3386K, capacity 4508K, committed 4864K, reserved 1056768K
  class space    used 394K, capacity 396K, committed 512K, reserved 1048576K
}
Event: 323.530 GC heap before
{Heap before GC invocations=5 (full 0):
 PSYoungGen      total 1536K, used 1536K [0x00000000eb600000, 0x00000000eb800000, 0x0000000100000000)
  eden space 1024K, 100% used [0x00000000eb600000,0x00000000eb700000,0x00000000eb700000)
  from space 512K, 100% used [0x00000000eb780000,0x00000000eb800000,0x00000000eb800000)
  to   space 512K, 0% used [0x00000000eb700000,0x00000000eb700000,0x00000000eb780000)
 ParOldGen       total 61952K, used 120K [0x00000000c2200000, 0x00000000c5e80000, 0x00000000eb600000)
  object space 61952K, 0% used [0x00000000c2200000,0x00000000c221e010,0x00000000c5e80000)
 Metaspace       used 3410K, capacity 4508K, committed 4864K, reserved 1056768K
  class space    used 394K, capacity 396K, committed 512K, reserved 1048576K
Event: 324.474 GC heap after
Heap after GC invocations=5 (full 0):
 PSYoungGen      total 1536K, used 496K [0x00000000eb600000, 0x00000000eba00000, 0x0000000100000000)
  eden space 1024K, 0% used [0x00000000eb600000,0x00000000eb600000,0x00000000eb700000)
  from space 512K, 96% used [0x00000000eb700000,0x00000000eb77c010,0x00000000eb780000)
  to   space 1024K, 0% used [0x00000000eb900000,0x00000000eb900000,0x00000000eba00000)
 ParOldGen       total 61952K, used 152K [0x00000000c2200000, 0x00000000c5e80000, 0x00000000eb600000)
  object space 61952K, 0% used [0x00000000c2200000,0x00000000c2226010,0x00000000c5e80000)
 Metaspace       used 3410K, capacity 4508K, committed 4864K, reserved 1056768K
  class space    used 394K, capacity 396K, committed 512K, reserved 1048576K
}
Event: 324.781 GC heap before
{Heap before GC invocations=6 (full 0):
 PSYoungGen      total 1536K, used 1520K [0x00000000eb600000, 0x00000000eba00000, 0x0000000100000000)
  eden space 1024K, 100% used [0x00000000eb600000,0x00000000eb700000,0x00000000eb700000)
  from space 512K, 96% used [0x00000000eb700000,0x00000000eb77c010,0x00000000eb780000)
  to   space 1024K, 0% used [0x00000000eb900000,0x00000000eb900000,0x00000000eba00000)
 ParOldGen       total 61952K, used 152K [0x00000000c2200000, 0x00000000c5e80000, 0x00000000eb600000)
  object space 61952K, 0% used [0x00000000c2200000,0x00000000c2226010,0x00000000c5e80000)
 Metaspace       used 3439K, capacity 4508K, committed 4864K, reserved 1056768K
  class space    used 394K, capacity 396K, committed 512K, reserved 1048576K
Event: 326.079 GC heap after
Heap after GC invocations=6 (full 0):
 PSYoungGen      total 3072K, used 512K [0x00000000eb600000, 0x00000000eba00000, 0x0000000100000000)
  eden space 2048K, 0% used [0x00000000eb600000,0x00000000eb600000,0x00000000eb800000)
  from space 1024K, 50% used [0x00000000eb900000,0x00000000eb980000,0x00000000eba00000)
  to   space 1024K, 0% used [0x00000000eb800000,0x00000000eb800000,0x00000000eb900000)
 ParOldGen       total 61952K, used 160K [0x00000000c2200000, 0x00000000c5e80000, 0x00000000eb600000)
  object space 61952K, 0% used [0x00000000c2200000,0x00000000c2228010,0x00000000c5e80000)
 Metaspace       used 3439K, capacity 4508K, committed 4864K, reserved 1056768K
  class space    used 394K, capacity 396K, committed 512K, reserved 1048576K
}

Deoptimization events (0 events):
No events

Internal exceptions (10 events):
Event: 326.502 Thread 0x0000000001d2d800 Exception <a 'java/io/IOException'> (0x00000000eb7ce2a8) thrown at [D:\re\workspace\8-2-build-windows-amd64-cygwin\jdk8u5\2488\hotspot\src\share\vm\prims\jni.cpp, line 716]
Event: 326.502 Thread 0x0000000001d2d800 Exception <a 'java/io/IOException'> (0x00000000eb7d23c8) thrown at [D:\re\workspace\8-2-build-windows-amd64-cygwin\jdk8u5\2488\hotspot\src\share\vm\prims\jni.cpp, line 716]
Event: 326.503 Thread 0x0000000001d2d800 Exception <a 'java/io/IOException'> (0x00000000eb7d6530) thrown at [D:\re\workspace\8-2-build-windows-amd64-cygwin\jdk8u5\2488\hotspot\src\share\vm\prims\jni.cpp, line 716]
Event: 326.503 Thread 0x0000000001d2d800 Exception <a 'java/io/IOException'> (0x00000000eb7da650) thrown at [D:\re\workspace\8-2-build-windows-amd64-cygwin\jdk8u5\2488\hotspot\src\share\vm\prims\jni.cpp, line 716]
Event: 326.503 Thread 0x0000000001d2d800 Exception <a 'java/io/IOException'> (0x00000000eb7de790) thrown at [D:\re\workspace\8-2-build-windows-amd64-cygwin\jdk8u5\2488\hotspot\src\share\vm\prims\jni.cpp, line 716]
Event: 326.503 Thread 0x0000000001d2d800 Exception <a 'java/io/IOException'> (0x00000000eb7e28b0) thrown at [D:\re\workspace\8-2-build-windows-amd64-cygwin\jdk8u5\2488\hotspot\src\share\vm\prims\jni.cpp, line 716]
Event: 326.503 Thread 0x0000000001d2d800 Exception <a 'java/io/IOException'> (0x00000000eb7e6a18) thrown at [D:\re\workspace\8-2-build-windows-amd64-cygwin\jdk8u5\2488\hotspot\src\share\vm\prims\jni.cpp, line 716]
Event: 326.503 Thread 0x0000000001d2d800 Exception <a 'java/io/IOException'> (0x00000000eb7eab38) thrown at [D:\re\workspace\8-2-build-windows-amd64-cygwin\jdk8u5\2488\hotspot\src\share\vm\prims\jni.cpp, line 716]
Event: 326.504 Thread 0x0000000001d2d800 Exception <a 'java/io/IOException'> (0x00000000eb7eec78) thrown at [D:\re\workspace\8-2-build-windows-amd64-cygwin\jdk8u5\2488\hotspot\src\share\vm\prims\jni.cpp, line 716]
Event: 326.504 Thread 0x0000000001d2d800 Exception <a 'java/io/IOException'> (0x00000000eb7f2d98) thrown at [D:\re\workspace\8-2-build-windows-amd64-cygwin\jdk8u5\2488\hotspot\src\share\vm\prims\jni.cpp, line 716]

Events (10 events):
Event: 317.740 Executing VM operation: ParallelGCFailedAllocation
Event: 321.688 Executing VM operation: ParallelGCFailedAllocation done
Event: 321.722 Executing VM operation: ParallelGCFailedAllocation
Event: 322.222 Executing VM operation: ParallelGCFailedAllocation done
Event: 322.265 Executing VM operation: ParallelGCFailedAllocation
Event: 323.443 Executing VM operation: ParallelGCFailedAllocation done
Event: 323.530 Executing VM operation: ParallelGCFailedAllocation
Event: 324.474 Executing VM operation: ParallelGCFailedAllocation done
Event: 324.781 Executing VM operation: ParallelGCFailedAllocation
Event: 326.079 Executing VM operation: ParallelGCFailedAllocation done


Dynamic libraries:
0x000000013f6f0000 - 0x000000013f724000 	E:\Install\eclipse\jre\bin\javaw.exe
0x0000000077a40000 - 0x0000000077be9000 	C:\Windows\SYSTEM32\ntdll.dll
0x0000000077820000 - 0x000000007793f000 	C:\Windows\system32\kernel32.dll
0x000007fefdae0000 - 0x000007fefdb4c000 	C:\Windows\system32\KERNELBASE.dll
0x000007fefe730000 - 0x000007fefe80b000 	C:\Windows\system32\ADVAPI32.dll
0x000007feffcb0000 - 0x000007feffd4f000 	C:\Windows\system32\msvcrt.dll
0x000007fefdcf0000 - 0x000007fefdd0f000 	C:\Windows\SYSTEM32\sechost.dll
0x000007feffb00000 - 0x000007feffc2d000 	C:\Windows\system32\RPCRT4.dll
0x0000000077940000 - 0x0000000077a3a000 	C:\Windows\system32\USER32.dll
0x000007fefed00000 - 0x000007fefed67000 	C:\Windows\system32\GDI32.dll
0x000007fefecf0000 - 0x000007fefecfe000 	C:\Windows\system32\LPK.dll
0x000007fefe2c0000 - 0x000007fefe389000 	C:\Windows\system32\USP10.dll
0x000007fefc260000 - 0x000007fefc45c000 	C:\Windows\WinSxS\amd64_microsoft.windows.common-controls_6595b64144ccf1df_6.0.7601.17514_none_fa396087175ac9ac\COMCTL32.dll
0x000007fefe240000 - 0x000007fefe2b1000 	C:\Windows\system32\SHLWAPI.dll
0x000007fefeab0000 - 0x000007fefeade000 	C:\Windows\system32\IMM32.DLL
0x000007fefe390000 - 0x000007fefe499000 	C:\Windows\system32\MSCTF.dll
0x0000000064080000 - 0x0000000064152000 	E:\Install\eclipse\jre\bin\msvcr100.dll
0x000000005df50000 - 0x000000005e77a000 	E:\Install\eclipse\jre\bin\server\jvm.dll
0x000007feeeea0000 - 0x000007feeeea9000 	C:\Windows\system32\WSOCK32.dll
0x000007fefe4a0000 - 0x000007fefe4ed000 	C:\Windows\system32\WS2_32.dll
0x000007fefe810000 - 0x000007fefe818000 	C:\Windows\system32\NSI.dll
0x000007fef7c80000 - 0x000007fef7cbb000 	C:\Windows\system32\WINMM.dll
0x0000000077c00000 - 0x0000000077c07000 	C:\Windows\system32\PSAPI.DLL
0x00000000654d0000 - 0x00000000654df000 	E:\Install\eclipse\jre\bin\verify.dll
0x00000000654a0000 - 0x00000000654c8000 	E:\Install\eclipse\jre\bin\java.dll
0x0000000065480000 - 0x0000000065496000 	E:\Install\eclipse\jre\bin\zip.dll
0x000007fefed70000 - 0x000007feffaf8000 	C:\Windows\system32\SHELL32.dll
0x000007fefeae0000 - 0x000007fefece3000 	C:\Windows\system32\ole32.dll
0x000007fefd850000 - 0x000007fefd85f000 	C:\Windows\system32\profapi.dll

VM Arguments:
jvm_args: -Dfile.encoding=UTF-8 
java_command: ua.viasat.www.Homework3
java_class_path (initial): C:\Users\Syma\git\study2\bin
Launcher Type: SUN_STANDARD

Environment Variables:
PATH=E:/Install/eclipse/jre/bin/server;E:/Install/eclipse/jre/bin;E:/Install/eclipse/jre/lib/amd64;C:\Windows\system32;C:\Windows;C:\Windows\System32\Wbem;C:\Windows\System32\WindowsPowerShell\v1.0\;C:\Program Files (x86)\ATI Technologies\ATI.ACE\Core-Static;E:\Install\eclipse;
USERNAME=Syma
OS=Windows_NT
PROCESSOR_IDENTIFIER=Intel64 Family 6 Model 37 Stepping 5, GenuineIntel



---------------  S Y S T E M  ---------------

OS: Windows 7 , 64 bit Build 7601 Service Pack 1

CPU:total 4 (2 cores per cpu, 2 threads per core) family 6 model 37 stepping 5, cmov, cx8, fxsr, mmx, sse, sse2, sse3, ssse3, sse4.1, sse4.2, popcnt, ht, tsc, tscinvbit

Memory: 4k page, physical 4051480k(392060k free), swap 16204056k(3548k free)

vm_info: Java HotSpot(TM) 64-Bit Server VM (25.5-b02) for windows-amd64 JRE (1.8.0_05-b13), built on Mar 18 2014 01:08:39 by "java_re" with MS VC++ 10.0 (VS2010)

time: Sun Sep 14 17:12:01 2014
elapsed time: 333 seconds

